<?xml version="1.0" encoding="UTF-8"?>
<coverage generated="1746038799903" clover="3.2.0">
  <project timestamp="1746038799903" name="All files">
    <metrics statements="46" coveredstatements="39" conditionals="26" coveredconditionals="19" methods="17" coveredmethods="11" elements="89" coveredelements="69" complexity="0" loc="46" ncloc="46" packages="2" files="3" classes="3"/>
    <package name="api">
      <metrics statements="3" coveredstatements="2" conditionals="2" coveredconditionals="1" methods="1" coveredmethods="1"/>
      <file name="habits.js" path="C:\Users\Acer\Desktop\CSUChico\630\frontend-HabitStacker\habit-hop\src\api\habits.js">
        <metrics statements="3" coveredstatements="2" conditionals="2" coveredconditionals="1" methods="1" coveredmethods="1"/>
        <line num="4" count="2" type="stmt"/>
        <line num="9" count="2" type="cond" truecount="1" falsecount="1"/>
        <line num="10" count="0" type="stmt"/>
      </file>
    </package>
    <package name="pages">
      <metrics statements="43" coveredstatements="37" conditionals="24" coveredconditionals="18" methods="16" coveredmethods="10"/>
      <file name="AddHabit.jsx" path="C:\Users\Acer\Desktop\CSUChico\630\frontend-HabitStacker\habit-hop\src\pages\AddHabit.jsx">
        <metrics statements="31" coveredstatements="30" conditionals="18" coveredconditionals="15" methods="8" coveredmethods="8"/>
        <line num="7" count="1" type="stmt"/>
        <line num="17" count="17" type="stmt"/>
        <line num="18" count="17" type="stmt"/>
        <line num="19" count="17" type="stmt"/>
        <line num="20" count="17" type="stmt"/>
        <line num="22" count="17" type="stmt"/>
        <line num="23" count="8" type="stmt"/>
        <line num="24" count="8" type="stmt"/>
        <line num="30" count="17" type="stmt"/>
        <line num="31" count="2" type="cond" truecount="2" falsecount="0"/>
        <line num="32" count="1" type="stmt"/>
        <line num="33" count="1" type="stmt"/>
        <line num="34" count="1" type="stmt"/>
        <line num="35" count="1" type="stmt"/>
        <line num="36" count="1" type="stmt"/>
        <line num="40" count="17" type="stmt"/>
        <line num="41" count="2" type="stmt"/>
        <line num="42" count="2" type="stmt"/>
        <line num="43" count="2" type="stmt"/>
        <line num="45" count="2" type="stmt"/>
        <line num="46" count="2" type="stmt"/>
        <line num="48" count="2" type="stmt"/>
        <line num="57" count="2" type="stmt"/>
        <line num="59" count="1" type="cond" truecount="1" falsecount="1"/>
        <line num="60" count="1" type="stmt"/>
        <line num="61" count="1" type="stmt"/>
        <line num="63" count="0" type="stmt"/>
        <line num="66" count="1" type="cond" truecount="1" falsecount="1"/>
        <line num="68" count="2" type="stmt"/>
        <line num="72" count="17" type="stmt"/>
        <line num="172" count="1" type="stmt"/>
      </file>
      <file name="Habits.jsx" path="C:\Users\Acer\Desktop\CSUChico\630\frontend-HabitStacker\habit-hop\src\pages\Habits.jsx">
        <metrics statements="12" coveredstatements="7" conditionals="6" coveredconditionals="3" methods="8" coveredmethods="2"/>
        <line num="5" count="1" type="stmt"/>
        <line num="24" count="3" type="stmt"/>
        <line num="25" count="3" type="stmt"/>
        <line num="26" count="3" type="stmt"/>
        <line num="28" count="3" type="stmt"/>
        <line num="29" count="0" type="stmt"/>
        <line num="35" count="3" type="stmt"/>
        <line num="43" count="0" type="stmt"/>
        <line num="51" count="0" type="stmt"/>
        <line num="69" count="0" type="stmt"/>
        <line num="79" count="45" type="stmt"/>
        <line num="82" count="0" type="stmt"/>
      </file>
    </package>
  </project>
</coverage>
