{"C:\\Users\\Acer\\Desktop\\CSUChico\\630\\frontend-HabitStacker\\habit-hop\\src\\App.js": {"path":"C:\\Users\\Acer\\Desktop\\CSUChico\\630\\frontend-HabitStacker\\habit-hop\\src\\App.js","statementMap":{"0":{"start":{"line":22,"column":17},"end":{"line":47,"column":1}},"1":{"start":{"line":23,"column":2},"end":{"line":46,"column":5}},"2":{"start":{"line":49,"column":18},"end":{"line":74,"column":1}},"3":{"start":{"line":50,"column":2},"end":{"line":73,"column":8}},"4":{"start":{"line":76,"column":12},"end":{"line":88,"column":1}},"5":{"start":{"line":77,"column":2},"end":{"line":87,"column":4}}},"fnMap":{"0":{"name":"(anonymous_0)","decl":{"start":{"line":22,"column":17},"end":{"line":22,"column":18}},"loc":{"start":{"line":23,"column":2},"end":{"line":46,"column":5}},"line":23},"1":{"name":"(anonymous_1)","decl":{"start":{"line":49,"column":18},"end":{"line":49,"column":19}},"loc":{"start":{"line":50,"column":2},"end":{"line":73,"column":8}},"line":50},"2":{"name":"(anonymous_2)","decl":{"start":{"line":76,"column":12},"end":{"line":76,"column":13}},"loc":{"start":{"line":76,"column":18},"end":{"line":88,"column":1}},"line":76}},"branchMap":{},"s":{"0":0,"1":0,"2":0,"3":0,"4":0,"5":0},"f":{"0":0,"1":0,"2":0},"b":{}}
,"C:\\Users\\Acer\\Desktop\\CSUChico\\630\\frontend-HabitStacker\\habit-hop\\src\\index.js": {"path":"C:\\Users\\Acer\\Desktop\\CSUChico\\630\\frontend-HabitStacker\\habit-hop\\src\\index.js","statementMap":{"0":{"start":{"line":7,"column":0},"end":{"line":12,"column":2}}},"fnMap":{},"branchMap":{},"s":{"0":0},"f":{},"b":{}}
,"C:\\Users\\Acer\\Desktop\\CSUChico\\630\\frontend-HabitStacker\\habit-hop\\src\\api\\auth.js": {"path":"C:\\Users\\Acer\\Desktop\\CSUChico\\630\\frontend-HabitStacker\\habit-hop\\src\\api\\auth.js","statementMap":{"0":{"start":{"line":2,"column":21},"end":{"line":2,"column":82}},"1":{"start":{"line":5,"column":2},"end":{"line":24,"column":3}},"2":{"start":{"line":6,"column":21},"end":{"line":12,"column":6}},"3":{"start":{"line":14,"column":4},"end":{"line":18,"column":5}},"4":{"start":{"line":15,"column":24},"end":{"line":15,"column":45}},"5":{"start":{"line":16,"column":6},"end":{"line":16,"column":52}},"6":{"start":{"line":17,"column":6},"end":{"line":17,"column":22}},"7":{"start":{"line":20,"column":4},"end":{"line":20,"column":33}},"8":{"start":{"line":22,"column":4},"end":{"line":22,"column":54}},"9":{"start":{"line":23,"column":4},"end":{"line":23,"column":16}},"10":{"start":{"line":28,"column":2},"end":{"line":53,"column":3}},"11":{"start":{"line":29,"column":21},"end":{"line":36,"column":6}},"12":{"start":{"line":37,"column":17},"end":{"line":37,"column":38}},"13":{"start":{"line":39,"column":4},"end":{"line":43,"column":5}},"14":{"start":{"line":40,"column":24},"end":{"line":40,"column":45}},"15":{"start":{"line":41,"column":6},"end":{"line":41,"column":51}},"16":{"start":{"line":42,"column":6},"end":{"line":42,"column":22}},"17":{"start":{"line":45,"column":4},"end":{"line":47,"column":5}},"18":{"start":{"line":46,"column":6},"end":{"line":46,"column":67}},"19":{"start":{"line":49,"column":4},"end":{"line":49,"column":16}},"20":{"start":{"line":51,"column":4},"end":{"line":51,"column":53}},"21":{"start":{"line":52,"column":4},"end":{"line":52,"column":16}}},"fnMap":{"0":{"name":"signup","decl":{"start":{"line":4,"column":15},"end":{"line":4,"column":21}},"loc":{"start":{"line":4,"column":32},"end":{"line":25,"column":1}},"line":4},"1":{"name":"login","decl":{"start":{"line":27,"column":15},"end":{"line":27,"column":20}},"loc":{"start":{"line":27,"column":34},"end":{"line":54,"column":1}},"line":27}},"branchMap":{"0":{"loc":{"start":{"line":14,"column":4},"end":{"line":18,"column":5}},"type":"if","locations":[{"start":{"line":14,"column":4},"end":{"line":18,"column":5}},{"start":{},"end":{}}],"line":14},"1":{"loc":{"start":{"line":39,"column":4},"end":{"line":43,"column":5}},"type":"if","locations":[{"start":{"line":39,"column":4},"end":{"line":43,"column":5}},{"start":{},"end":{}}],"line":39},"2":{"loc":{"start":{"line":45,"column":4},"end":{"line":47,"column":5}},"type":"if","locations":[{"start":{"line":45,"column":4},"end":{"line":47,"column":5}},{"start":{},"end":{}}],"line":45}},"s":{"0":1,"1":0,"2":0,"3":0,"4":0,"5":0,"6":0,"7":0,"8":0,"9":0,"10":0,"11":0,"12":0,"13":0,"14":0,"15":0,"16":0,"17":0,"18":0,"19":0,"20":0,"21":0},"f":{"0":0,"1":0},"b":{"0":[0,0],"1":[0,0],"2":[0,0]},"_coverageSchema":"1a1c01bbd47fc00a2c39e90264f33305004495a9","hash":"08537efa2aa8dab02f21503e1348253f2548965f"}
,"C:\\Users\\Acer\\Desktop\\CSUChico\\630\\frontend-HabitStacker\\habit-hop\\src\\api\\habit.js": {"path":"C:\\Users\\Acer\\Desktop\\CSUChico\\630\\frontend-HabitStacker\\habit-hop\\src\\api\\habit.js","statementMap":{"0":{"start":{"line":1,"column":21},"end":{"line":1,"column":82}},"1":{"start":{"line":4,"column":4},"end":{"line":22,"column":5}},"2":{"start":{"line":5,"column":23},"end":{"line":10,"column":8}},"3":{"start":{"line":12,"column":6},"end":{"line":16,"column":7}},"4":{"start":{"line":13,"column":26},"end":{"line":13,"column":47}},"5":{"start":{"line":14,"column":8},"end":{"line":14,"column":57}},"6":{"start":{"line":15,"column":8},"end":{"line":15,"column":24}},"7":{"start":{"line":18,"column":6},"end":{"line":18,"column":35}},"8":{"start":{"line":20,"column":6},"end":{"line":20,"column":59}},"9":{"start":{"line":21,"column":6},"end":{"line":21,"column":18}}},"fnMap":{"0":{"name":"getHabit","decl":{"start":{"line":3,"column":15},"end":{"line":3,"column":23}},"loc":{"start":{"line":3,"column":33},"end":{"line":23,"column":1}},"line":3}},"branchMap":{"0":{"loc":{"start":{"line":12,"column":6},"end":{"line":16,"column":7}},"type":"if","locations":[{"start":{"line":12,"column":6},"end":{"line":16,"column":7}},{"start":{},"end":{}}],"line":12}},"s":{"0":0,"1":0,"2":0,"3":0,"4":0,"5":0,"6":0,"7":0,"8":0,"9":0},"f":{"0":0},"b":{"0":[0,0]}}
,"C:\\Users\\Acer\\Desktop\\CSUChico\\630\\frontend-HabitStacker\\habit-hop\\src\\api\\habits.js": {"path":"C:\\Users\\Acer\\Desktop\\CSUChico\\630\\frontend-HabitStacker\\habit-hop\\src\\api\\habits.js","statementMap":{"0":{"start":{"line":4,"column":2},"end":{"line":4,"column":47}},"1":{"start":{"line":6,"column":16},"end":{"line":6,"column":49}},"2":{"start":{"line":7,"column":2},"end":{"line":9,"column":3}},"3":{"start":{"line":8,"column":4},"end":{"line":8,"column":38}},"4":{"start":{"line":11,"column":14},"end":{"line":18,"column":4}},"5":{"start":{"line":20,"column":2},"end":{"line":22,"column":3}},"6":{"start":{"line":21,"column":4},"end":{"line":21,"column":44}},"7":{"start":{"line":24,"column":2},"end":{"line":24,"column":20}}},"fnMap":{"0":{"name":"createHabit","decl":{"start":{"line":3,"column":22},"end":{"line":3,"column":33}},"loc":{"start":{"line":3,"column":51},"end":{"line":25,"column":1}},"line":3}},"branchMap":{"0":{"loc":{"start":{"line":7,"column":2},"end":{"line":9,"column":3}},"type":"if","locations":[{"start":{"line":7,"column":2},"end":{"line":9,"column":3}},{"start":{},"end":{}}],"line":7},"1":{"loc":{"start":{"line":20,"column":2},"end":{"line":22,"column":3}},"type":"if","locations":[{"start":{"line":20,"column":2},"end":{"line":22,"column":3}},{"start":{},"end":{}}],"line":20}},"s":{"0":0,"1":0,"2":0,"3":0,"4":0,"5":0,"6":0,"7":0},"f":{"0":0},"b":{"0":[0,0],"1":[0,0]}}
,"C:\\Users\\Acer\\Desktop\\CSUChico\\630\\frontend-HabitStacker\\habit-hop\\src\\api\\user.js": {"path":"C:\\Users\\Acer\\Desktop\\CSUChico\\630\\frontend-HabitStacker\\habit-hop\\src\\api\\user.js","statementMap":{"0":{"start":{"line":1,"column":21},"end":{"line":1,"column":82}},"1":{"start":{"line":4,"column":18},"end":{"line":4,"column":51}},"2":{"start":{"line":6,"column":21},"end":{"line":12,"column":6}},"3":{"start":{"line":14,"column":4},"end":{"line":17,"column":5}},"4":{"start":{"line":15,"column":24},"end":{"line":15,"column":45}},"5":{"start":{"line":16,"column":6},"end":{"line":16,"column":72}},"6":{"start":{"line":19,"column":4},"end":{"line":19,"column":33}}},"fnMap":{"0":{"name":"getUserInfo","decl":{"start":{"line":3,"column":22},"end":{"line":3,"column":33}},"loc":{"start":{"line":3,"column":36},"end":{"line":20,"column":3}},"line":3}},"branchMap":{"0":{"loc":{"start":{"line":14,"column":4},"end":{"line":17,"column":5}},"type":"if","locations":[{"start":{"line":14,"column":4},"end":{"line":17,"column":5}},{"start":{},"end":{}}],"line":14},"1":{"loc":{"start":{"line":16,"column":22},"end":{"line":16,"column":70}},"type":"binary-expr","locations":[{"start":{"line":16,"column":22},"end":{"line":16,"column":39}},{"start":{"line":16,"column":43},"end":{"line":16,"column":70}}],"line":16}},"s":{"0":1,"1":7,"2":7,"3":0,"4":0,"5":0,"6":0},"f":{"0":7},"b":{"0":[0,0],"1":[0,0]},"_coverageSchema":"1a1c01bbd47fc00a2c39e90264f33305004495a9","hash":"4de2f7427fd47cce21b595175364780ab95fc5c9"}
,"C:\\Users\\Acer\\Desktop\\CSUChico\\630\\frontend-HabitStacker\\habit-hop\\src\\api\\userApi.js": {"path":"C:\\Users\\Acer\\Desktop\\CSUChico\\630\\frontend-HabitStacker\\habit-hop\\src\\api\\userApi.js","statementMap":{"0":{"start":{"line":1,"column":21},"end":{"line":1,"column":82}},"1":{"start":{"line":3,"column":33},"end":{"line":23,"column":1}},"2":{"start":{"line":4,"column":19},"end":{"line":4,"column":33}},"3":{"start":{"line":5,"column":2},"end":{"line":5,"column":45}},"4":{"start":{"line":6,"column":2},"end":{"line":6,"column":39}},"5":{"start":{"line":7,"column":2},"end":{"line":9,"column":3}},"6":{"start":{"line":8,"column":4},"end":{"line":8,"column":55}},"7":{"start":{"line":11,"column":19},"end":{"line":14,"column":4}},"8":{"start":{"line":16,"column":15},"end":{"line":16,"column":36}},"9":{"start":{"line":18,"column":2},"end":{"line":20,"column":3}},"10":{"start":{"line":19,"column":4},"end":{"line":19,"column":64}},"11":{"start":{"line":22,"column":2},"end":{"line":22,"column":14}}},"fnMap":{"0":{"name":"(anonymous_0)","decl":{"start":{"line":3,"column":33},"end":{"line":3,"column":34}},"loc":{"start":{"line":3,"column":49},"end":{"line":23,"column":1}},"line":3}},"branchMap":{"0":{"loc":{"start":{"line":7,"column":2},"end":{"line":9,"column":3}},"type":"if","locations":[{"start":{"line":7,"column":2},"end":{"line":9,"column":3}},{"start":{},"end":{}}],"line":7},"1":{"loc":{"start":{"line":18,"column":2},"end":{"line":20,"column":3}},"type":"if","locations":[{"start":{"line":18,"column":2},"end":{"line":20,"column":3}},{"start":{},"end":{}}],"line":18},"2":{"loc":{"start":{"line":19,"column":20},"end":{"line":19,"column":62}},"type":"binary-expr","locations":[{"start":{"line":19,"column":20},"end":{"line":19,"column":32}},{"start":{"line":19,"column":36},"end":{"line":19,"column":62}}],"line":19}},"s":{"0":0,"1":0,"2":0,"3":0,"4":0,"5":0,"6":0,"7":0,"8":0,"9":0,"10":0,"11":0},"f":{"0":0},"b":{"0":[0,0],"1":[0,0],"2":[0,0]}}
,"C:\\Users\\Acer\\Desktop\\CSUChico\\630\\frontend-HabitStacker\\habit-hop\\src\\assets\\index.js": {"path":"C:\\Users\\Acer\\Desktop\\CSUChico\\630\\frontend-HabitStacker\\habit-hop\\src\\assets\\index.js","statementMap":{"0":{"start":{"line":6,"column":15},"end":{"line":11,"column":1}}},"fnMap":{},"branchMap":{},"s":{"0":1},"f":{},"b":{},"_coverageSchema":"1a1c01bbd47fc00a2c39e90264f33305004495a9","hash":"8c45a51ea8b4df55efe37186898a55c2bd358605"}
,"C:\\Users\\Acer\\Desktop\\CSUChico\\630\\frontend-HabitStacker\\habit-hop\\src\\components\\Button.jsx": {"path":"C:\\Users\\Acer\\Desktop\\CSUChico\\630\\frontend-HabitStacker\\habit-hop\\src\\components\\Button.jsx","statementMap":{"0":{"start":{"line":5,"column":15},"end":{"line":17,"column":1}},"1":{"start":{"line":6,"column":2},"end":{"line":16,"column":3}}},"fnMap":{"0":{"name":"(anonymous_0)","decl":{"start":{"line":5,"column":15},"end":{"line":5,"column":16}},"loc":{"start":{"line":5,"column":33},"end":{"line":17,"column":1}},"line":5}},"branchMap":{},"s":{"0":1,"1":1},"f":{"0":1},"b":{},"_coverageSchema":"1a1c01bbd47fc00a2c39e90264f33305004495a9","hash":"70ca387e985d6daddd50d5553748bd1e2783bd52"}
,"C:\\Users\\Acer\\Desktop\\CSUChico\\630\\frontend-HabitStacker\\habit-hop\\src\\components\\CompletedHabitsSection.jsx": {"path":"C:\\Users\\Acer\\Desktop\\CSUChico\\630\\frontend-HabitStacker\\habit-hop\\src\\components\\CompletedHabitsSection.jsx","statementMap":{"0":{"start":{"line":4,"column":14},"end":{"line":4,"column":52}},"1":{"start":{"line":7,"column":42},"end":{"line":7,"column":81}},"2":{"start":{"line":8,"column":28},"end":{"line":8,"column":48}},"3":{"start":{"line":10,"column":27},"end":{"line":12,"column":3}},"4":{"start":{"line":11,"column":4},"end":{"line":11,"column":36}},"5":{"start":{"line":14,"column":23},"end":{"line":37,"column":3}},"6":{"start":{"line":15,"column":25},"end":{"line":34,"column":6}},"7":{"start":{"line":16,"column":6},"end":{"line":16,"column":54}},"8":{"start":{"line":16,"column":42},"end":{"line":16,"column":54}},"9":{"start":{"line":18,"column":32},"end":{"line":28,"column":8}},"10":{"start":{"line":19,"column":8},"end":{"line":19,"column":64}},"11":{"start":{"line":19,"column":48},"end":{"line":19,"column":64}},"12":{"start":{"line":21,"column":26},"end":{"line":21,"column":46}},"13":{"start":{"line":22,"column":8},"end":{"line":22,"column":45}},"14":{"start":{"line":24,"column":8},"end":{"line":27,"column":10}},"15":{"start":{"line":30,"column":6},"end":{"line":33,"column":8}},"16":{"start":{"line":36,"column":4},"end":{"line":36,"column":27}},"17":{"start":{"line":39,"column":27},"end":{"line":39,"column":77}},"18":{"start":{"line":39,"column":46},"end":{"line":39,"column":76}},"19":{"start":{"line":41,"column":26},"end":{"line":53,"column":8}},"20":{"start":{"line":43,"column":8},"end":{"line":51,"column":11}},"21":{"start":{"line":43,"column":45},"end":{"line":51,"column":9}},"22":{"start":{"line":52,"column":24},"end":{"line":52,"column":44}},"23":{"start":{"line":55,"column":2},"end":{"line":97,"column":4}},"24":{"start":{"line":67,"column":12},"end":{"line":69,"column":21}},"25":{"start":{"line":77,"column":12},"end":{"line":90,"column":17}},"26":{"start":{"line":87,"column":32},"end":{"line":87,"column":75}}},"fnMap":{"0":{"name":"CompletedHabitsBox","decl":{"start":{"line":6,"column":24},"end":{"line":6,"column":42}},"loc":{"start":{"line":6,"column":45},"end":{"line":98,"column":1}},"line":6},"1":{"name":"(anonymous_1)","decl":{"start":{"line":10,"column":27},"end":{"line":10,"column":28}},"loc":{"start":{"line":10,"column":34},"end":{"line":12,"column":3}},"line":10},"2":{"name":"(anonymous_2)","decl":{"start":{"line":14,"column":23},"end":{"line":14,"column":24}},"loc":{"start":{"line":14,"column":46},"end":{"line":37,"column":3}},"line":14},"3":{"name":"(anonymous_3)","decl":{"start":{"line":15,"column":35},"end":{"line":15,"column":36}},"loc":{"start":{"line":15,"column":43},"end":{"line":34,"column":5}},"line":15},"4":{"name":"(anonymous_4)","decl":{"start":{"line":18,"column":52},"end":{"line":18,"column":53}},"loc":{"start":{"line":18,"column":64},"end":{"line":28,"column":7}},"line":18},"5":{"name":"(anonymous_5)","decl":{"start":{"line":39,"column":38},"end":{"line":39,"column":39}},"loc":{"start":{"line":39,"column":46},"end":{"line":39,"column":76}},"line":39},"6":{"name":"(anonymous_6)","decl":{"start":{"line":42,"column":42},"end":{"line":42,"column":43}},"loc":{"start":{"line":43,"column":8},"end":{"line":51,"column":11}},"line":43},"7":{"name":"(anonymous_7)","decl":{"start":{"line":43,"column":27},"end":{"line":43,"column":28}},"loc":{"start":{"line":43,"column":45},"end":{"line":51,"column":9}},"line":43},"8":{"name":"(anonymous_8)","decl":{"start":{"line":52,"column":15},"end":{"line":52,"column":16}},"loc":{"start":{"line":52,"column":24},"end":{"line":52,"column":44}},"line":52},"9":{"name":"(anonymous_9)","decl":{"start":{"line":66,"column":21},"end":{"line":66,"column":22}},"loc":{"start":{"line":67,"column":12},"end":{"line":69,"column":21}},"line":67},"10":{"name":"(anonymous_10)","decl":{"start":{"line":76,"column":31},"end":{"line":76,"column":32}},"loc":{"start":{"line":77,"column":12},"end":{"line":90,"column":17}},"line":77},"11":{"name":"(anonymous_11)","decl":{"start":{"line":87,"column":26},"end":{"line":87,"column":27}},"loc":{"start":{"line":87,"column":32},"end":{"line":87,"column":75}},"line":87}},"branchMap":{"0":{"loc":{"start":{"line":7,"column":51},"end":{"line":7,"column":80}},"type":"binary-expr","locations":[{"start":{"line":7,"column":51},"end":{"line":7,"column":74}},{"start":{"line":7,"column":78},"end":{"line":7,"column":80}}],"line":7},"1":{"loc":{"start":{"line":16,"column":6},"end":{"line":16,"column":54}},"type":"if","locations":[{"start":{"line":16,"column":6},"end":{"line":16,"column":54}},{"start":{},"end":{}}],"line":16},"2":{"loc":{"start":{"line":19,"column":8},"end":{"line":19,"column":64}},"type":"if","locations":[{"start":{"line":19,"column":8},"end":{"line":19,"column":64}},{"start":{},"end":{}}],"line":19},"3":{"loc":{"start":{"line":41,"column":26},"end":{"line":53,"column":8}},"type":"cond-expr","locations":[{"start":{"line":42,"column":6},"end":{"line":52,"column":45}},{"start":{"line":53,"column":6},"end":{"line":53,"column":8}}],"line":41},"4":{"loc":{"start":{"line":74,"column":7},"end":{"line":95,"column":7}},"type":"cond-expr","locations":[{"start":{"line":75,"column":8},"end":{"line":92,"column":13}},{"start":{"line":94,"column":8},"end":{"line":94,"column":96}}],"line":74},"5":{"loc":{"start":{"line":80,"column":63},"end":{"line":80,"column":111}},"type":"cond-expr","locations":[{"start":{"line":80,"column":78},"end":{"line":80,"column":94}},{"start":{"line":80,"column":97},"end":{"line":80,"column":111}}],"line":80},"6":{"loc":{"start":{"line":81,"column":20},"end":{"line":81,"column":61}},"type":"cond-expr","locations":[{"start":{"line":81,"column":35},"end":{"line":81,"column":46}},{"start":{"line":81,"column":49},"end":{"line":81,"column":61}}],"line":81}},"s":{"0":0,"1":0,"2":0,"3":0,"4":0,"5":0,"6":0,"7":0,"8":0,"9":0,"10":0,"11":0,"12":0,"13":0,"14":0,"15":0,"16":0,"17":0,"18":0,"19":0,"20":0,"21":0,"22":0,"23":0,"24":0,"25":0,"26":0},"f":{"0":0,"1":0,"2":0,"3":0,"4":0,"5":0,"6":0,"7":0,"8":0,"9":0,"10":0,"11":0},"b":{"0":[0,0],"1":[0,0],"2":[0,0],"3":[0,0],"4":[0,0],"5":[0,0],"6":[0,0]}}
,"C:\\Users\\Acer\\Desktop\\CSUChico\\630\\frontend-HabitStacker\\habit-hop\\src\\components\\Download.jsx": {"path":"C:\\Users\\Acer\\Desktop\\CSUChico\\630\\frontend-HabitStacker\\habit-hop\\src\\components\\Download.jsx","statementMap":{"0":{"start":{"line":6,"column":17},"end":{"line":36,"column":1}},"1":{"start":{"line":7,"column":2},"end":{"line":35,"column":3}}},"fnMap":{"0":{"name":"(anonymous_0)","decl":{"start":{"line":6,"column":17},"end":{"line":6,"column":18}},"loc":{"start":{"line":6,"column":23},"end":{"line":36,"column":1}},"line":6}},"branchMap":{},"s":{"0":1,"1":1},"f":{"0":1},"b":{},"_coverageSchema":"1a1c01bbd47fc00a2c39e90264f33305004495a9","hash":"10bb49cf82e06c9adad9cd7010d418b96864f3a0"}
,"C:\\Users\\Acer\\Desktop\\CSUChico\\630\\frontend-HabitStacker\\habit-hop\\src\\components\\Navbar.jsx": {"path":"C:\\Users\\Acer\\Desktop\\CSUChico\\630\\frontend-HabitStacker\\habit-hop\\src\\components\\Navbar.jsx","statementMap":{"0":{"start":{"line":11,"column":20},"end":{"line":11,"column":25}},"1":{"start":{"line":14,"column":16},"end":{"line":21,"column":1}},"2":{"start":{"line":23,"column":17},"end":{"line":30,"column":1}},"3":{"start":{"line":35,"column":42},"end":{"line":35,"column":54}},"4":{"start":{"line":37,"column":2},"end":{"line":44,"column":9}},"5":{"start":{"line":38,"column":19},"end":{"line":38,"column":55}},"6":{"start":{"line":39,"column":4},"end":{"line":43,"column":5}},"7":{"start":{"line":40,"column":6},"end":{"line":40,"column":42}},"8":{"start":{"line":42,"column":6},"end":{"line":42,"column":43}},"9":{"start":{"line":46,"column":2},"end":{"line":80,"column":4}},"10":{"start":{"line":68,"column":28},"end":{"line":68,"column":40}},"11":{"start":{"line":70,"column":14},"end":{"line":75,"column":16}},"12":{"start":{"line":84,"column":23},"end":{"line":84,"column":42}},"13":{"start":{"line":85,"column":19},"end":{"line":85,"column":71}},"14":{"start":{"line":87,"column":2},"end":{"line":102,"column":4}}},"fnMap":{"0":{"name":"Navbar","decl":{"start":{"line":34,"column":24},"end":{"line":34,"column":30}},"loc":{"start":{"line":34,"column":33},"end":{"line":81,"column":1}},"line":34},"1":{"name":"(anonymous_1)","decl":{"start":{"line":37,"column":12},"end":{"line":37,"column":13}},"loc":{"start":{"line":37,"column":18},"end":{"line":44,"column":3}},"line":37},"2":{"name":"(anonymous_2)","decl":{"start":{"line":68,"column":20},"end":{"line":68,"column":21}},"loc":{"start":{"line":68,"column":28},"end":{"line":68,"column":40}},"line":68},"3":{"name":"(anonymous_3)","decl":{"start":{"line":69,"column":17},"end":{"line":69,"column":18}},"loc":{"start":{"line":70,"column":14},"end":{"line":75,"column":16}},"line":70},"4":{"name":"CustomLink","decl":{"start":{"line":83,"column":9},"end":{"line":83,"column":19}},"loc":{"start":{"line":83,"column":41},"end":{"line":103,"column":1}},"line":83}},"branchMap":{"0":{"loc":{"start":{"line":39,"column":4},"end":{"line":43,"column":5}},"type":"if","locations":[{"start":{"line":39,"column":4},"end":{"line":43,"column":5}},{"start":{"line":41,"column":11},"end":{"line":43,"column":5}}],"line":39},"1":{"loc":{"start":{"line":94,"column":17},"end":{"line":94,"column":47}},"type":"cond-expr","locations":[{"start":{"line":94,"column":28},"end":{"line":94,"column":37}},{"start":{"line":94,"column":40},"end":{"line":94,"column":47}}],"line":94},"2":{"loc":{"start":{"line":98,"column":9},"end":{"line":98,"column":99}},"type":"binary-expr","locations":[{"start":{"line":98,"column":9},"end":{"line":98,"column":13}},{"start":{"line":98,"column":17},"end":{"line":98,"column":99}}],"line":98},"3":{"loc":{"start":{"line":98,"column":44},"end":{"line":98,"column":74}},"type":"cond-expr","locations":[{"start":{"line":98,"column":55},"end":{"line":98,"column":64}},{"start":{"line":98,"column":67},"end":{"line":98,"column":74}}],"line":98}},"s":{"0":0,"1":0,"2":0,"3":0,"4":0,"5":0,"6":0,"7":0,"8":0,"9":0,"10":0,"11":0,"12":0,"13":0,"14":0},"f":{"0":0,"1":0,"2":0,"3":0,"4":0},"b":{"0":[0,0],"1":[0,0],"2":[0,0],"3":[0,0]}}
,"C:\\Users\\Acer\\Desktop\\CSUChico\\630\\frontend-HabitStacker\\habit-hop\\src\\components\\SectionWrapper.jsx": {"path":"C:\\Users\\Acer\\Desktop\\CSUChico\\630\\frontend-HabitStacker\\habit-hop\\src\\components\\SectionWrapper.jsx","statementMap":{"0":{"start":{"line":7,"column":23},"end":{"line":67,"column":1}},"1":{"start":{"line":8,"column":2},"end":{"line":66,"column":3}}},"fnMap":{"0":{"name":"(anonymous_0)","decl":{"start":{"line":7,"column":23},"end":{"line":7,"column":24}},"loc":{"start":{"line":7,"column":88},"end":{"line":67,"column":1}},"line":7}},"branchMap":{"0":{"loc":{"start":{"line":10,"column":8},"end":{"line":10,"column":51}},"type":"cond-expr","locations":[{"start":{"line":10,"column":18},"end":{"line":10,"column":32}},{"start":{"line":10,"column":35},"end":{"line":10,"column":51}}],"line":10},"1":{"loc":{"start":{"line":38,"column":10},"end":{"line":38,"column":60}},"type":"cond-expr","locations":[{"start":{"line":38,"column":20},"end":{"line":38,"column":42}},{"start":{"line":38,"column":45},"end":{"line":38,"column":60}}],"line":38},"2":{"loc":{"start":{"line":41,"column":12},"end":{"line":41,"column":56}},"type":"cond-expr","locations":[{"start":{"line":41,"column":22},"end":{"line":41,"column":38}},{"start":{"line":41,"column":41},"end":{"line":41,"column":56}}],"line":41},"3":{"loc":{"start":{"line":42,"column":12},"end":{"line":42,"column":56}},"type":"cond-expr","locations":[{"start":{"line":42,"column":22},"end":{"line":42,"column":38}},{"start":{"line":42,"column":41},"end":{"line":42,"column":56}}],"line":42},"4":{"loc":{"start":{"line":45,"column":12},"end":{"line":45,"column":57}},"type":"cond-expr","locations":[{"start":{"line":45,"column":22},"end":{"line":45,"column":38}},{"start":{"line":45,"column":41},"end":{"line":45,"column":57}}],"line":45},"5":{"loc":{"start":{"line":48,"column":12},"end":{"line":48,"column":57}},"type":"cond-expr","locations":[{"start":{"line":48,"column":22},"end":{"line":48,"column":38}},{"start":{"line":48,"column":41},"end":{"line":48,"column":57}}],"line":48},"6":{"loc":{"start":{"line":50,"column":11},"end":{"line":55,"column":11}},"type":"binary-expr","locations":[{"start":{"line":50,"column":11},"end":{"line":50,"column":18}},{"start":{"line":51,"column":12},"end":{"line":54,"column":14}}],"line":50},"7":{"loc":{"start":{"line":61,"column":13},"end":{"line":61,"column":57}},"type":"cond-expr","locations":[{"start":{"line":61,"column":23},"end":{"line":61,"column":38}},{"start":{"line":61,"column":41},"end":{"line":61,"column":57}}],"line":61}},"s":{"0":0,"1":0},"f":{"0":0},"b":{"0":[0,0],"1":[0,0],"2":[0,0],"3":[0,0],"4":[0,0],"5":[0,0],"6":[0,0],"7":[0,0]}}
,"C:\\Users\\Acer\\Desktop\\CSUChico\\630\\frontend-HabitStacker\\habit-hop\\src\\components\\Setting_Navbar.jsx": {"path":"C:\\Users\\Acer\\Desktop\\CSUChico\\630\\frontend-HabitStacker\\habit-hop\\src\\components\\Setting_Navbar.jsx","statementMap":{"0":{"start":{"line":6,"column":2},"end":{"line":25,"column":4}},"1":{"start":{"line":29,"column":23},"end":{"line":29,"column":42}},"2":{"start":{"line":30,"column":19},"end":{"line":30,"column":71}},"3":{"start":{"line":32,"column":2},"end":{"line":46,"column":4}}},"fnMap":{"0":{"name":"SettingNavbar","decl":{"start":{"line":5,"column":24},"end":{"line":5,"column":37}},"loc":{"start":{"line":5,"column":40},"end":{"line":26,"column":1}},"line":5},"1":{"name":"CustomLink","decl":{"start":{"line":28,"column":9},"end":{"line":28,"column":19}},"loc":{"start":{"line":28,"column":35},"end":{"line":47,"column":1}},"line":28}},"branchMap":{"0":{"loc":{"start":{"line":39,"column":17},"end":{"line":39,"column":47}},"type":"cond-expr","locations":[{"start":{"line":39,"column":28},"end":{"line":39,"column":37}},{"start":{"line":39,"column":40},"end":{"line":39,"column":47}}],"line":39}},"s":{"0":0,"1":0,"2":0,"3":0},"f":{"0":0,"1":0},"b":{"0":[0,0]}}
,"C:\\Users\\Acer\\Desktop\\CSUChico\\630\\frontend-HabitStacker\\habit-hop\\src\\components\\TodaysActivityOverview.jsx": {"path":"C:\\Users\\Acer\\Desktop\\CSUChico\\630\\frontend-HabitStacker\\habit-hop\\src\\components\\TodaysActivityOverview.jsx","statementMap":{"0":{"start":{"line":4,"column":14},"end":{"line":4,"column":52}},"1":{"start":{"line":6,"column":26},"end":{"line":14,"column":45}},"2":{"start":{"line":7,"column":29},"end":{"line":9,"column":3}},"3":{"start":{"line":8,"column":4},"end":{"line":8,"column":34}},"4":{"start":{"line":10,"column":2},"end":{"line":13,"column":4}},"5":{"start":{"line":14,"column":18},"end":{"line":14,"column":44}},"6":{"start":{"line":17,"column":2},"end":{"line":37,"column":4}},"7":{"start":{"line":22,"column":10},"end":{"line":31,"column":16}},"8":{"start":{"line":26,"column":16},"end":{"line":28,"column":21}}},"fnMap":{"0":{"name":"(anonymous_0)","decl":{"start":{"line":6,"column":40},"end":{"line":6,"column":41}},"loc":{"start":{"line":6,"column":48},"end":{"line":14,"column":1}},"line":6},"1":{"name":"(anonymous_1)","decl":{"start":{"line":7,"column":52},"end":{"line":7,"column":53}},"loc":{"start":{"line":8,"column":4},"end":{"line":8,"column":34}},"line":8},"2":{"name":"(anonymous_2)","decl":{"start":{"line":14,"column":10},"end":{"line":14,"column":11}},"loc":{"start":{"line":14,"column":18},"end":{"line":14,"column":44}},"line":14},"3":{"name":"TodaysActivityOverview","decl":{"start":{"line":16,"column":24},"end":{"line":16,"column":46}},"loc":{"start":{"line":16,"column":49},"end":{"line":38,"column":1}},"line":16},"4":{"name":"(anonymous_4)","decl":{"start":{"line":21,"column":30},"end":{"line":21,"column":31}},"loc":{"start":{"line":22,"column":10},"end":{"line":31,"column":16}},"line":22},"5":{"name":"(anonymous_5)","decl":{"start":{"line":25,"column":35},"end":{"line":25,"column":36}},"loc":{"start":{"line":26,"column":16},"end":{"line":28,"column":21}},"line":26}},"branchMap":{"0":{"loc":{"start":{"line":20,"column":7},"end":{"line":35,"column":7}},"type":"cond-expr","locations":[{"start":{"line":21,"column":8},"end":{"line":32,"column":10}},{"start":{"line":34,"column":8},"end":{"line":34,"column":69}}],"line":20}},"s":{"0":0,"1":0,"2":0,"3":0,"4":0,"5":0,"6":0,"7":0,"8":0},"f":{"0":0,"1":0,"2":0,"3":0,"4":0,"5":0},"b":{"0":[0,0]}}
,"C:\\Users\\Acer\\Desktop\\CSUChico\\630\\frontend-HabitStacker\\habit-hop\\src\\components\\Topbar.jsx": {"path":"C:\\Users\\Acer\\Desktop\\CSUChico\\630\\frontend-HabitStacker\\habit-hop\\src\\components\\Topbar.jsx","statementMap":{"0":{"start":{"line":9,"column":19},"end":{"line":9,"column":32}},"1":{"start":{"line":10,"column":42},"end":{"line":10,"column":68}},"2":{"start":{"line":12,"column":2},"end":{"line":21,"column":9}},"3":{"start":{"line":13,"column":19},"end":{"line":13,"column":52}},"4":{"start":{"line":14,"column":4},"end":{"line":20,"column":5}},"5":{"start":{"line":15,"column":19},"end":{"line":15,"column":37}},"6":{"start":{"line":17,"column":6},"end":{"line":19,"column":7}},"7":{"start":{"line":18,"column":8},"end":{"line":18,"column":43}},"8":{"start":{"line":22,"column":23},"end":{"line":25,"column":3}},"9":{"start":{"line":23,"column":4},"end":{"line":23,"column":25}},"10":{"start":{"line":24,"column":4},"end":{"line":24,"column":23}},"11":{"start":{"line":27,"column":28},"end":{"line":29,"column":3}},"12":{"start":{"line":28,"column":4},"end":{"line":28,"column":29}},"13":{"start":{"line":31,"column":2},"end":{"line":48,"column":4}}},"fnMap":{"0":{"name":"Topbar","decl":{"start":{"line":8,"column":24},"end":{"line":8,"column":30}},"loc":{"start":{"line":8,"column":33},"end":{"line":49,"column":1}},"line":8},"1":{"name":"(anonymous_1)","decl":{"start":{"line":12,"column":12},"end":{"line":12,"column":13}},"loc":{"start":{"line":12,"column":18},"end":{"line":21,"column":3}},"line":12},"2":{"name":"(anonymous_2)","decl":{"start":{"line":22,"column":23},"end":{"line":22,"column":24}},"loc":{"start":{"line":22,"column":29},"end":{"line":25,"column":3}},"line":22},"3":{"name":"(anonymous_3)","decl":{"start":{"line":27,"column":28},"end":{"line":27,"column":29}},"loc":{"start":{"line":27,"column":34},"end":{"line":29,"column":3}},"line":27}},"branchMap":{"0":{"loc":{"start":{"line":14,"column":4},"end":{"line":20,"column":5}},"type":"if","locations":[{"start":{"line":14,"column":4},"end":{"line":20,"column":5}},{"start":{},"end":{}}],"line":14},"1":{"loc":{"start":{"line":17,"column":6},"end":{"line":19,"column":7}},"type":"if","locations":[{"start":{"line":17,"column":6},"end":{"line":19,"column":7}},{"start":{},"end":{}}],"line":17},"2":{"loc":{"start":{"line":17,"column":10},"end":{"line":17,"column":57}},"type":"binary-expr","locations":[{"start":{"line":17,"column":10},"end":{"line":17,"column":27}},{"start":{"line":17,"column":31},"end":{"line":17,"column":57}}],"line":17}},"s":{"0":0,"1":0,"2":0,"3":0,"4":0,"5":0,"6":0,"7":0,"8":0,"9":0,"10":0,"11":0,"12":0,"13":0},"f":{"0":0,"1":0,"2":0,"3":0},"b":{"0":[0,0],"1":[0,0],"2":[0,0]}}
,"C:\\Users\\Acer\\Desktop\\CSUChico\\630\\frontend-HabitStacker\\habit-hop\\src\\components\\WeeklyReport.jsx": {"path":"C:\\Users\\Acer\\Desktop\\CSUChico\\630\\frontend-HabitStacker\\habit-hop\\src\\components\\WeeklyReport.jsx","statementMap":{"0":{"start":{"line":5,"column":19},"end":{"line":5,"column":32}},"1":{"start":{"line":7,"column":22},"end":{"line":9,"column":3}},"2":{"start":{"line":8,"column":4},"end":{"line":8,"column":27}},"3":{"start":{"line":11,"column":2},"end":{"line":64,"column":4}}},"fnMap":{"0":{"name":"WeeklyReport","decl":{"start":{"line":4,"column":24},"end":{"line":4,"column":36}},"loc":{"start":{"line":4,"column":39},"end":{"line":65,"column":1}},"line":4},"1":{"name":"(anonymous_1)","decl":{"start":{"line":7,"column":22},"end":{"line":7,"column":23}},"loc":{"start":{"line":7,"column":28},"end":{"line":9,"column":3}},"line":7}},"branchMap":{},"s":{"0":0,"1":0,"2":0,"3":0},"f":{"0":0,"1":0},"b":{}}
,"C:\\Users\\Acer\\Desktop\\CSUChico\\630\\frontend-HabitStacker\\habit-hop\\src\\components\\index.js": {"path":"C:\\Users\\Acer\\Desktop\\CSUChico\\630\\frontend-HabitStacker\\habit-hop\\src\\components\\index.js","statementMap":{},"fnMap":{},"branchMap":{},"s":{},"f":{},"b":{}}
,"C:\\Users\\Acer\\Desktop\\CSUChico\\630\\frontend-HabitStacker\\habit-hop\\src\\data\\dummyHabitList.js": {"path":"C:\\Users\\Acer\\Desktop\\CSUChico\\630\\frontend-HabitStacker\\habit-hop\\src\\data\\dummyHabitList.js","statementMap":{"0":{"start":{"line":1,"column":23},"end":{"line":118,"column":1}}},"fnMap":{},"branchMap":{},"s":{"0":1},"f":{},"b":{},"_coverageSchema":"1a1c01bbd47fc00a2c39e90264f33305004495a9","hash":"ca4046e1c34f56e23ed6e59368062a26e8bc79f7"}
,"C:\\Users\\Acer\\Desktop\\CSUChico\\630\\frontend-HabitStacker\\habit-hop\\src\\data\\dummyPlan.js": {"path":"C:\\Users\\Acer\\Desktop\\CSUChico\\630\\frontend-HabitStacker\\habit-hop\\src\\data\\dummyPlan.js","statementMap":{"0":{"start":{"line":1,"column":19},"end":{"line":142,"column":1}}},"fnMap":{},"branchMap":{},"s":{"0":1},"f":{},"b":{},"_coverageSchema":"1a1c01bbd47fc00a2c39e90264f33305004495a9","hash":"c7b72781efa7ca2e3c9c4fa2bfdca89740049910"}
,"C:\\Users\\Acer\\Desktop\\CSUChico\\630\\frontend-HabitStacker\\habit-hop\\src\\data\\dummyUser.js": {"path":"C:\\Users\\Acer\\Desktop\\CSUChico\\630\\frontend-HabitStacker\\habit-hop\\src\\data\\dummyUser.js","statementMap":{"0":{"start":{"line":1,"column":18},"end":{"line":5,"column":3}}},"fnMap":{},"branchMap":{},"s":{"0":2},"f":{},"b":{},"_coverageSchema":"1a1c01bbd47fc00a2c39e90264f33305004495a9","hash":"cb170d1c8ab39d02e727efeaf74b10187531d214"}
,"C:\\Users\\Acer\\Desktop\\CSUChico\\630\\frontend-HabitStacker\\habit-hop\\src\\data\\faq_data.js": {"path":"C:\\Users\\Acer\\Desktop\\CSUChico\\630\\frontend-HabitStacker\\habit-hop\\src\\data\\faq_data.js","statementMap":{"0":{"start":{"line":1,"column":16},"end":{"line":42,"column":3}}},"fnMap":{},"branchMap":{},"s":{"0":0},"f":{},"b":{}}
,"C:\\Users\\Acer\\Desktop\\CSUChico\\630\\frontend-HabitStacker\\habit-hop\\src\\data\\switch_icon.js": {"path":"C:\\Users\\Acer\\Desktop\\CSUChico\\630\\frontend-HabitStacker\\habit-hop\\src\\data\\switch_icon.js","statementMap":{"0":{"start":{"line":1,"column":21},"end":{"line":33,"column":3}}},"fnMap":{},"branchMap":{},"s":{"0":0},"f":{},"b":{}}
,"C:\\Users\\Acer\\Desktop\\CSUChico\\630\\frontend-HabitStacker\\habit-hop\\src\\pages\\AddHabit.jsx": {"path":"C:\\Users\\Acer\\Desktop\\CSUChico\\630\\frontend-HabitStacker\\habit-hop\\src\\pages\\AddHabit.jsx","statementMap":{"0":{"start":{"line":6,"column":21},"end":{"line":10,"column":1}},"1":{"start":{"line":13,"column":26},"end":{"line":13,"column":48}},"2":{"start":{"line":14,"column":32},"end":{"line":14,"column":47}},"3":{"start":{"line":15,"column":28},"end":{"line":15,"column":42}},"4":{"start":{"line":16,"column":19},"end":{"line":16,"column":32}},"5":{"start":{"line":18,"column":16},"end":{"line":18,"column":49}},"6":{"start":{"line":19,"column":18},"end":{"line":19,"column":34}},"7":{"start":{"line":20,"column":17},"end":{"line":20,"column":31}},"8":{"start":{"line":22,"column":23},"end":{"line":31,"column":3}},"9":{"start":{"line":23,"column":35},"end":{"line":23,"column":43}},"10":{"start":{"line":24,"column":4},"end":{"line":26,"column":5}},"11":{"start":{"line":25,"column":6},"end":{"line":25,"column":47}},"12":{"start":{"line":27,"column":4},"end":{"line":30,"column":8}},"13":{"start":{"line":27,"column":18},"end":{"line":30,"column":5}},"14":{"start":{"line":34,"column":22},"end":{"line":48,"column":3}},"15":{"start":{"line":35,"column":4},"end":{"line":35,"column":27}},"16":{"start":{"line":35,"column":15},"end":{"line":35,"column":27}},"17":{"start":{"line":37,"column":4},"end":{"line":47,"column":7}},"18":{"start":{"line":38,"column":21},"end":{"line":38,"column":37}},"19":{"start":{"line":39,"column":6},"end":{"line":41,"column":8}},"20":{"start":{"line":40,"column":8},"end":{"line":40,"column":31}},"21":{"start":{"line":42,"column":6},"end":{"line":45,"column":8}},"22":{"start":{"line":43,"column":8},"end":{"line":43,"column":53}},"23":{"start":{"line":44,"column":8},"end":{"line":44,"column":41}},"24":{"start":{"line":46,"column":6},"end":{"line":46,"column":33}},"25":{"start":{"line":50,"column":23},"end":{"line":87,"column":3}},"26":{"start":{"line":51,"column":4},"end":{"line":51,"column":23}},"27":{"start":{"line":52,"column":4},"end":{"line":52,"column":21}},"28":{"start":{"line":53,"column":4},"end":{"line":53,"column":19}},"29":{"start":{"line":55,"column":4},"end":{"line":86,"column":5}},"30":{"start":{"line":56,"column":23},"end":{"line":56,"column":37}},"31":{"start":{"line":57,"column":6},"end":{"line":57,"column":51}},"32":{"start":{"line":58,"column":6},"end":{"line":58,"column":60}},"33":{"start":{"line":59,"column":6},"end":{"line":61,"column":7}},"34":{"start":{"line":60,"column":8},"end":{"line":60,"column":54}},"35":{"start":{"line":63,"column":20},"end":{"line":63,"column":53}},"36":{"start":{"line":64,"column":23},"end":{"line":73,"column":7}},"37":{"start":{"line":75,"column":19},"end":{"line":75,"column":40}},"38":{"start":{"line":76,"column":6},"end":{"line":81,"column":7}},"39":{"start":{"line":77,"column":8},"end":{"line":77,"column":30}},"40":{"start":{"line":78,"column":8},"end":{"line":78,"column":28}},"41":{"start":{"line":80,"column":8},"end":{"line":80,"column":66}},"42":{"start":{"line":83,"column":6},"end":{"line":83,"column":54}},"43":{"start":{"line":85,"column":6},"end":{"line":85,"column":24}},"44":{"start":{"line":90,"column":2},"end":{"line":156,"column":4}},"45":{"start":{"line":148,"column":27},"end":{"line":148,"column":46}}},"fnMap":{"0":{"name":"AddHabit","decl":{"start":{"line":12,"column":24},"end":{"line":12,"column":32}},"loc":{"start":{"line":12,"column":35},"end":{"line":157,"column":1}},"line":12},"1":{"name":"(anonymous_1)","decl":{"start":{"line":22,"column":23},"end":{"line":22,"column":24}},"loc":{"start":{"line":22,"column":30},"end":{"line":31,"column":3}},"line":22},"2":{"name":"(anonymous_2)","decl":{"start":{"line":27,"column":12},"end":{"line":27,"column":13}},"loc":{"start":{"line":27,"column":18},"end":{"line":30,"column":5}},"line":27},"3":{"name":"(anonymous_3)","decl":{"start":{"line":34,"column":22},"end":{"line":34,"column":23}},"loc":{"start":{"line":34,"column":38},"end":{"line":48,"column":3}},"line":34},"4":{"name":"(anonymous_4)","decl":{"start":{"line":37,"column":23},"end":{"line":37,"column":24}},"loc":{"start":{"line":37,"column":44},"end":{"line":47,"column":5}},"line":37},"5":{"name":"(anonymous_5)","decl":{"start":{"line":39,"column":25},"end":{"line":39,"column":26}},"loc":{"start":{"line":39,"column":31},"end":{"line":41,"column":7}},"line":39},"6":{"name":"(anonymous_6)","decl":{"start":{"line":42,"column":23},"end":{"line":42,"column":24}},"loc":{"start":{"line":42,"column":34},"end":{"line":45,"column":7}},"line":42},"7":{"name":"(anonymous_7)","decl":{"start":{"line":50,"column":23},"end":{"line":50,"column":24}},"loc":{"start":{"line":50,"column":36},"end":{"line":87,"column":3}},"line":50},"8":{"name":"(anonymous_8)","decl":{"start":{"line":148,"column":21},"end":{"line":148,"column":22}},"loc":{"start":{"line":148,"column":27},"end":{"line":148,"column":46}},"line":148}},"branchMap":{"0":{"loc":{"start":{"line":24,"column":4},"end":{"line":26,"column":5}},"type":"if","locations":[{"start":{"line":24,"column":4},"end":{"line":26,"column":5}},{"start":{},"end":{}}],"line":24},"1":{"loc":{"start":{"line":29,"column":14},"end":{"line":29,"column":63}},"type":"cond-expr","locations":[{"start":{"line":29,"column":38},"end":{"line":29,"column":54}},{"start":{"line":29,"column":58},"end":{"line":29,"column":63}}],"line":29},"2":{"loc":{"start":{"line":29,"column":38},"end":{"line":29,"column":54}},"type":"binary-expr","locations":[{"start":{"line":29,"column":38},"end":{"line":29,"column":46}},{"start":{"line":29,"column":50},"end":{"line":29,"column":54}}],"line":29},"3":{"loc":{"start":{"line":35,"column":4},"end":{"line":35,"column":27}},"type":"if","locations":[{"start":{"line":35,"column":4},"end":{"line":35,"column":27}},{"start":{},"end":{}}],"line":35},"4":{"loc":{"start":{"line":59,"column":6},"end":{"line":61,"column":7}},"type":"if","locations":[{"start":{"line":59,"column":6},"end":{"line":61,"column":7}},{"start":{},"end":{}}],"line":59},"5":{"loc":{"start":{"line":76,"column":6},"end":{"line":81,"column":7}},"type":"if","locations":[{"start":{"line":76,"column":6},"end":{"line":81,"column":7}},{"start":{"line":79,"column":13},"end":{"line":81,"column":7}}],"line":76},"6":{"loc":{"start":{"line":80,"column":24},"end":{"line":80,"column":64}},"type":"binary-expr","locations":[{"start":{"line":80,"column":24},"end":{"line":80,"column":36}},{"start":{"line":80,"column":40},"end":{"line":80,"column":64}}],"line":80},"7":{"loc":{"start":{"line":83,"column":15},"end":{"line":83,"column":52}},"type":"binary-expr","locations":[{"start":{"line":83,"column":15},"end":{"line":83,"column":26}},{"start":{"line":83,"column":30},"end":{"line":83,"column":52}}],"line":83},"8":{"loc":{"start":{"line":95,"column":9},"end":{"line":99,"column":9}},"type":"binary-expr","locations":[{"start":{"line":95,"column":9},"end":{"line":95,"column":14}},{"start":{"line":96,"column":10},"end":{"line":98,"column":16}}],"line":95},"9":{"loc":{"start":{"line":141,"column":24},"end":{"line":141,"column":70}},"type":"cond-expr","locations":[{"start":{"line":141,"column":34},"end":{"line":141,"column":65}},{"start":{"line":141,"column":68},"end":{"line":141,"column":70}}],"line":141},"10":{"loc":{"start":{"line":143,"column":13},"end":{"line":143,"column":53}},"type":"cond-expr","locations":[{"start":{"line":143,"column":23},"end":{"line":143,"column":36}},{"start":{"line":143,"column":39},"end":{"line":143,"column":53}}],"line":143}},"s":{"0":1,"1":3,"2":3,"3":3,"4":3,"5":3,"6":3,"7":3,"8":3,"9":1,"10":1,"11":0,"12":1,"13":1,"14":3,"15":0,"16":0,"17":0,"18":0,"19":0,"20":0,"21":0,"22":0,"23":0,"24":0,"25":3,"26":1,"27":1,"28":1,"29":1,"30":1,"31":1,"32":1,"33":1,"34":0,"35":1,"36":1,"37":1,"38":1,"39":0,"40":0,"41":1,"42":1,"43":1,"44":3,"45":0},"f":{"0":3,"1":1,"2":1,"3":0,"4":0,"5":0,"6":0,"7":1,"8":0},"b":{"0":[0,1],"1":[0,1],"2":[0,0],"3":[0,0],"4":[0,1],"5":[0,1],"6":[1,0],"7":[1,0],"8":[3,0],"9":[1,2],"10":[1,2]},"_coverageSchema":"1a1c01bbd47fc00a2c39e90264f33305004495a9","hash":"3e0895ec4fc72e8ce358bcc776bd7c52913524f1"}
,"C:\\Users\\Acer\\Desktop\\CSUChico\\630\\frontend-HabitStacker\\habit-hop\\src\\pages\\Analytics.jsx": {"path":"C:\\Users\\Acer\\Desktop\\CSUChico\\630\\frontend-HabitStacker\\habit-hop\\src\\pages\\Analytics.jsx","statementMap":{"0":{"start":{"line":8,"column":44},"end":{"line":8,"column":59}},"1":{"start":{"line":9,"column":38},"end":{"line":9,"column":52}},"2":{"start":{"line":10,"column":26},"end":{"line":10,"column":47}},"3":{"start":{"line":13,"column":17},"end":{"line":13,"column":79}},"4":{"start":{"line":15,"column":20},"end":{"line":35,"column":3}},"5":{"start":{"line":38,"column":31},"end":{"line":57,"column":3}},"6":{"start":{"line":39,"column":18},"end":{"line":39,"column":48}},"7":{"start":{"line":40,"column":19},"end":{"line":40,"column":103}},"8":{"start":{"line":41,"column":17},"end":{"line":41,"column":66}},"9":{"start":{"line":43,"column":25},"end":{"line":43,"column":27}},"10":{"start":{"line":45,"column":4},"end":{"line":54,"column":7}},"11":{"start":{"line":46,"column":6},"end":{"line":46,"column":30}},"12":{"start":{"line":47,"column":6},"end":{"line":53,"column":9}},"13":{"start":{"line":48,"column":8},"end":{"line":48,"column":39}},"14":{"start":{"line":49,"column":8},"end":{"line":52,"column":11}},"15":{"start":{"line":51,"column":10},"end":{"line":51,"column":64}},"16":{"start":{"line":56,"column":4},"end":{"line":56,"column":24}},"17":{"start":{"line":59,"column":23},"end":{"line":59,"column":45}},"18":{"start":{"line":62,"column":30},"end":{"line":71,"column":3}},"19":{"start":{"line":73,"column":2},"end":{"line":274,"column":4}},"20":{"start":{"line":134,"column":14},"end":{"line":144,"column":23}},"21":{"start":{"line":141,"column":31},"end":{"line":141,"column":54}},"22":{"start":{"line":224,"column":12},"end":{"line":233,"column":21}},"23":{"start":{"line":240,"column":12},"end":{"line":242,"column":18}},"24":{"start":{"line":246,"column":12},"end":{"line":257,"column":29}},"25":{"start":{"line":249,"column":16},"end":{"line":255,"column":22}},"26":{"start":{"line":252,"column":40},"end":{"line":252,"column":77}},"27":{"start":{"line":253,"column":40},"end":{"line":253,"column":59}}},"fnMap":{"0":{"name":"Analytics","decl":{"start":{"line":7,"column":24},"end":{"line":7,"column":33}},"loc":{"start":{"line":7,"column":36},"end":{"line":275,"column":1}},"line":7},"1":{"name":"(anonymous_1)","decl":{"start":{"line":38,"column":31},"end":{"line":38,"column":32}},"loc":{"start":{"line":38,"column":37},"end":{"line":57,"column":3}},"line":38},"2":{"name":"(anonymous_2)","decl":{"start":{"line":45,"column":18},"end":{"line":45,"column":19}},"loc":{"start":{"line":45,"column":26},"end":{"line":54,"column":5}},"line":45},"3":{"name":"(anonymous_3)","decl":{"start":{"line":47,"column":21},"end":{"line":47,"column":22}},"loc":{"start":{"line":47,"column":30},"end":{"line":53,"column":7}},"line":47},"4":{"name":"(anonymous_4)","decl":{"start":{"line":49,"column":21},"end":{"line":49,"column":22}},"loc":{"start":{"line":49,"column":28},"end":{"line":52,"column":9}},"line":49},"5":{"name":"(anonymous_5)","decl":{"start":{"line":133,"column":24},"end":{"line":133,"column":25}},"loc":{"start":{"line":134,"column":14},"end":{"line":144,"column":23}},"line":134},"6":{"name":"(anonymous_6)","decl":{"start":{"line":141,"column":25},"end":{"line":141,"column":26}},"loc":{"start":{"line":141,"column":31},"end":{"line":141,"column":54}},"line":141},"7":{"name":"(anonymous_7)","decl":{"start":{"line":223,"column":46},"end":{"line":223,"column":47}},"loc":{"start":{"line":224,"column":12},"end":{"line":233,"column":21}},"line":224},"8":{"name":"(anonymous_8)","decl":{"start":{"line":239,"column":100},"end":{"line":239,"column":101}},"loc":{"start":{"line":240,"column":12},"end":{"line":242,"column":18}},"line":240},"9":{"name":"(anonymous_9)","decl":{"start":{"line":245,"column":65},"end":{"line":245,"column":66}},"loc":{"start":{"line":246,"column":12},"end":{"line":257,"column":29}},"line":246},"10":{"name":"(anonymous_10)","decl":{"start":{"line":248,"column":104},"end":{"line":248,"column":105}},"loc":{"start":{"line":249,"column":16},"end":{"line":255,"column":22}},"line":249},"11":{"name":"(anonymous_11)","decl":{"start":{"line":252,"column":34},"end":{"line":252,"column":35}},"loc":{"start":{"line":252,"column":40},"end":{"line":252,"column":77}},"line":252},"12":{"name":"(anonymous_12)","decl":{"start":{"line":253,"column":34},"end":{"line":253,"column":35}},"loc":{"start":{"line":253,"column":40},"end":{"line":253,"column":59}},"line":253}},"branchMap":{"0":{"loc":{"start":{"line":137,"column":18},"end":{"line":139,"column":67}},"type":"cond-expr","locations":[{"start":{"line":138,"column":22},"end":{"line":138,"column":48}},{"start":{"line":139,"column":22},"end":{"line":139,"column":67}}],"line":137},"1":{"loc":{"start":{"line":150,"column":31},"end":{"line":150,"column":75}},"type":"binary-expr","locations":[{"start":{"line":150,"column":31},"end":{"line":150,"column":55}},{"start":{"line":150,"column":59},"end":{"line":150,"column":75}}],"line":150},"2":{"loc":{"start":{"line":227,"column":16},"end":{"line":229,"column":65}},"type":"cond-expr","locations":[{"start":{"line":228,"column":20},"end":{"line":228,"column":46}},{"start":{"line":229,"column":20},"end":{"line":229,"column":65}}],"line":227},"3":{"loc":{"start":{"line":251,"column":53},"end":{"line":251,"column":116}},"type":"cond-expr","locations":[{"start":{"line":251,"column":86},"end":{"line":251,"column":100}},{"start":{"line":251,"column":103},"end":{"line":251,"column":116}}],"line":251},"4":{"loc":{"start":{"line":262,"column":9},"end":{"line":271,"column":9}},"type":"binary-expr","locations":[{"start":{"line":262,"column":9},"end":{"line":262,"column":38}},{"start":{"line":263,"column":10},"end":{"line":270,"column":16}}],"line":262}},"s":{"0":11,"1":11,"2":11,"3":11,"4":11,"5":11,"6":11,"7":11,"8":11,"9":11,"10":11,"11":55,"12":55,"13":660,"14":660,"15":4620,"16":11,"17":11,"18":11,"19":11,"20":66,"21":1,"22":55,"23":132,"24":77,"25":924,"26":0,"27":0},"f":{"0":11,"1":11,"2":55,"3":660,"4":4620,"5":66,"6":1,"7":55,"8":132,"9":77,"10":924,"11":0,"12":0},"b":{"0":[11,55],"1":[11,0],"2":[11,44],"3":[772,152],"4":[11,0]},"_coverageSchema":"1a1c01bbd47fc00a2c39e90264f33305004495a9","hash":"d19352bc4f36779bbf605be89cc601d3b3a40f40"}
,"C:\\Users\\Acer\\Desktop\\CSUChico\\630\\frontend-HabitStacker\\habit-hop\\src\\pages\\Community.jsx": {"path":"C:\\Users\\Acer\\Desktop\\CSUChico\\630\\frontend-HabitStacker\\habit-hop\\src\\pages\\Community.jsx","statementMap":{"0":{"start":{"line":4,"column":18},"end":{"line":327,"column":1}},"1":{"start":{"line":5,"column":46},"end":{"line":5,"column":60}},"2":{"start":{"line":6,"column":42},"end":{"line":6,"column":56}},"3":{"start":{"line":7,"column":38},"end":{"line":7,"column":50}},"4":{"start":{"line":8,"column":38},"end":{"line":8,"column":50}},"5":{"start":{"line":9,"column":36},"end":{"line":9,"column":51}},"6":{"start":{"line":10,"column":42},"end":{"line":10,"column":54}},"7":{"start":{"line":11,"column":46},"end":{"line":11,"column":58}},"8":{"start":{"line":12,"column":44},"end":{"line":12,"column":56}},"9":{"start":{"line":15,"column":28},"end":{"line":52,"column":4}},"10":{"start":{"line":54,"column":24},"end":{"line":56,"column":3}},"11":{"start":{"line":55,"column":4},"end":{"line":55,"column":39}},"12":{"start":{"line":58,"column":27},"end":{"line":64,"column":3}},"13":{"start":{"line":59,"column":4},"end":{"line":63,"column":5}},"14":{"start":{"line":60,"column":6},"end":{"line":60,"column":28}},"15":{"start":{"line":62,"column":6},"end":{"line":62,"column":26}},"16":{"start":{"line":66,"column":21},"end":{"line":72,"column":3}},"17":{"start":{"line":67,"column":4},"end":{"line":71,"column":5}},"18":{"start":{"line":68,"column":6},"end":{"line":68,"column":64}},"19":{"start":{"line":68,"column":48},"end":{"line":68,"column":61}},"20":{"start":{"line":70,"column":6},"end":{"line":70,"column":41}},"21":{"start":{"line":74,"column":21},"end":{"line":80,"column":3}},"22":{"start":{"line":75,"column":4},"end":{"line":79,"column":5}},"23":{"start":{"line":76,"column":6},"end":{"line":76,"column":64}},"24":{"start":{"line":76,"column":48},"end":{"line":76,"column":61}},"25":{"start":{"line":78,"column":6},"end":{"line":78,"column":41}},"26":{"start":{"line":82,"column":27},"end":{"line":98,"column":3}},"27":{"start":{"line":84,"column":20},"end":{"line":92,"column":5}},"28":{"start":{"line":94,"column":4},"end":{"line":94,"column":34}},"29":{"start":{"line":95,"column":4},"end":{"line":95,"column":24}},"30":{"start":{"line":96,"column":4},"end":{"line":96,"column":26}},"31":{"start":{"line":97,"column":4},"end":{"line":97,"column":24}},"32":{"start":{"line":100,"column":23},"end":{"line":106,"column":3}},"33":{"start":{"line":101,"column":4},"end":{"line":105,"column":5}},"34":{"start":{"line":102,"column":6},"end":{"line":102,"column":64}},"35":{"start":{"line":102,"column":49},"end":{"line":102,"column":61}},"36":{"start":{"line":104,"column":6},"end":{"line":104,"column":51}},"37":{"start":{"line":108,"column":24},"end":{"line":110,"column":11}},"38":{"start":{"line":109,"column":27},"end":{"line":109,"column":77}},"39":{"start":{"line":109,"column":49},"end":{"line":109,"column":76}},"40":{"start":{"line":112,"column":21},"end":{"line":112,"column":100}},"41":{"start":{"line":114,"column":2},"end":{"line":326,"column":4}},"42":{"start":{"line":155,"column":12},"end":{"line":165,"column":21}},"43":{"start":{"line":162,"column":29},"end":{"line":162,"column":51}},"44":{"start":{"line":189,"column":29},"end":{"line":189,"column":47}},"45":{"start":{"line":199,"column":14},"end":{"line":256,"column":20}},"46":{"start":{"line":206,"column":33},"end":{"line":206,"column":58}},"47":{"start":{"line":214,"column":26},"end":{"line":214,"column":46}},"48":{"start":{"line":215,"column":26},"end":{"line":215,"column":46}},"49":{"start":{"line":224,"column":26},"end":{"line":224,"column":46}},"50":{"start":{"line":225,"column":26},"end":{"line":225,"column":46}},"51":{"start":{"line":236,"column":22},"end":{"line":241,"column":29}},"52":{"start":{"line":269,"column":31},"end":{"line":269,"column":50}},"53":{"start":{"line":285,"column":35},"end":{"line":285,"column":66}},"54":{"start":{"line":295,"column":35},"end":{"line":295,"column":68}},"55":{"start":{"line":303,"column":20},"end":{"line":308,"column":29}}},"fnMap":{"0":{"name":"(anonymous_0)","decl":{"start":{"line":4,"column":18},"end":{"line":4,"column":19}},"loc":{"start":{"line":4,"column":24},"end":{"line":327,"column":1}},"line":4},"1":{"name":"(anonymous_1)","decl":{"start":{"line":54,"column":24},"end":{"line":54,"column":25}},"loc":{"start":{"line":54,"column":30},"end":{"line":56,"column":3}},"line":54},"2":{"name":"(anonymous_2)","decl":{"start":{"line":58,"column":27},"end":{"line":58,"column":28}},"loc":{"start":{"line":58,"column":35},"end":{"line":64,"column":3}},"line":58},"3":{"name":"(anonymous_3)","decl":{"start":{"line":66,"column":21},"end":{"line":66,"column":22}},"loc":{"start":{"line":66,"column":29},"end":{"line":72,"column":3}},"line":66},"4":{"name":"(anonymous_4)","decl":{"start":{"line":68,"column":38},"end":{"line":68,"column":39}},"loc":{"start":{"line":68,"column":48},"end":{"line":68,"column":61}},"line":68},"5":{"name":"(anonymous_5)","decl":{"start":{"line":74,"column":21},"end":{"line":74,"column":22}},"loc":{"start":{"line":74,"column":29},"end":{"line":80,"column":3}},"line":74},"6":{"name":"(anonymous_6)","decl":{"start":{"line":76,"column":38},"end":{"line":76,"column":39}},"loc":{"start":{"line":76,"column":48},"end":{"line":76,"column":61}},"line":76},"7":{"name":"(anonymous_7)","decl":{"start":{"line":82,"column":27},"end":{"line":82,"column":28}},"loc":{"start":{"line":82,"column":33},"end":{"line":98,"column":3}},"line":82},"8":{"name":"(anonymous_8)","decl":{"start":{"line":100,"column":23},"end":{"line":100,"column":24}},"loc":{"start":{"line":100,"column":35},"end":{"line":106,"column":3}},"line":100},"9":{"name":"(anonymous_9)","decl":{"start":{"line":102,"column":44},"end":{"line":102,"column":45}},"loc":{"start":{"line":102,"column":49},"end":{"line":102,"column":61}},"line":102},"10":{"name":"(anonymous_10)","decl":{"start":{"line":109,"column":19},"end":{"line":109,"column":20}},"loc":{"start":{"line":109,"column":27},"end":{"line":109,"column":77}},"line":109},"11":{"name":"(anonymous_11)","decl":{"start":{"line":109,"column":42},"end":{"line":109,"column":43}},"loc":{"start":{"line":109,"column":49},"end":{"line":109,"column":76}},"line":109},"12":{"name":"(anonymous_12)","decl":{"start":{"line":154,"column":26},"end":{"line":154,"column":27}},"loc":{"start":{"line":155,"column":12},"end":{"line":165,"column":21}},"line":155},"13":{"name":"(anonymous_13)","decl":{"start":{"line":162,"column":23},"end":{"line":162,"column":24}},"loc":{"start":{"line":162,"column":29},"end":{"line":162,"column":51}},"line":162},"14":{"name":"(anonymous_14)","decl":{"start":{"line":189,"column":23},"end":{"line":189,"column":24}},"loc":{"start":{"line":189,"column":29},"end":{"line":189,"column":47}},"line":189},"15":{"name":"(anonymous_15)","decl":{"start":{"line":198,"column":31},"end":{"line":198,"column":32}},"loc":{"start":{"line":199,"column":14},"end":{"line":256,"column":20}},"line":199},"16":{"name":"(anonymous_16)","decl":{"start":{"line":206,"column":27},"end":{"line":206,"column":28}},"loc":{"start":{"line":206,"column":33},"end":{"line":206,"column":58}},"line":206},"17":{"name":"(anonymous_17)","decl":{"start":{"line":213,"column":33},"end":{"line":213,"column":34}},"loc":{"start":{"line":213,"column":40},"end":{"line":216,"column":25}},"line":213},"18":{"name":"(anonymous_18)","decl":{"start":{"line":223,"column":33},"end":{"line":223,"column":34}},"loc":{"start":{"line":223,"column":40},"end":{"line":226,"column":25}},"line":223},"19":{"name":"(anonymous_19)","decl":{"start":{"line":235,"column":35},"end":{"line":235,"column":36}},"loc":{"start":{"line":236,"column":22},"end":{"line":241,"column":29}},"line":236},"20":{"name":"(anonymous_20)","decl":{"start":{"line":269,"column":25},"end":{"line":269,"column":26}},"loc":{"start":{"line":269,"column":31},"end":{"line":269,"column":50}},"line":269},"21":{"name":"(anonymous_21)","decl":{"start":{"line":285,"column":28},"end":{"line":285,"column":29}},"loc":{"start":{"line":285,"column":35},"end":{"line":285,"column":66}},"line":285},"22":{"name":"(anonymous_22)","decl":{"start":{"line":295,"column":28},"end":{"line":295,"column":29}},"loc":{"start":{"line":295,"column":35},"end":{"line":295,"column":68}},"line":295},"23":{"name":"(anonymous_23)","decl":{"start":{"line":302,"column":34},"end":{"line":302,"column":35}},"loc":{"start":{"line":303,"column":20},"end":{"line":308,"column":29}},"line":303}},"branchMap":{"0":{"loc":{"start":{"line":59,"column":4},"end":{"line":63,"column":5}},"type":"if","locations":[{"start":{"line":59,"column":4},"end":{"line":63,"column":5}},{"start":{"line":61,"column":11},"end":{"line":63,"column":5}}],"line":59},"1":{"loc":{"start":{"line":67,"column":4},"end":{"line":71,"column":5}},"type":"if","locations":[{"start":{"line":67,"column":4},"end":{"line":71,"column":5}},{"start":{"line":69,"column":11},"end":{"line":71,"column":5}}],"line":67},"2":{"loc":{"start":{"line":75,"column":4},"end":{"line":79,"column":5}},"type":"if","locations":[{"start":{"line":75,"column":4},"end":{"line":79,"column":5}},{"start":{"line":77,"column":11},"end":{"line":79,"column":5}}],"line":75},"3":{"loc":{"start":{"line":87,"column":13},"end":{"line":87,"column":46}},"type":"binary-expr","locations":[{"start":{"line":87,"column":13},"end":{"line":87,"column":25}},{"start":{"line":87,"column":29},"end":{"line":87,"column":46}}],"line":87},"4":{"loc":{"start":{"line":88,"column":15},"end":{"line":88,"column":52}},"type":"binary-expr","locations":[{"start":{"line":88,"column":15},"end":{"line":88,"column":29}},{"start":{"line":88,"column":33},"end":{"line":88,"column":52}}],"line":88},"5":{"loc":{"start":{"line":101,"column":4},"end":{"line":105,"column":5}},"type":"if","locations":[{"start":{"line":101,"column":4},"end":{"line":105,"column":5}},{"start":{"line":103,"column":11},"end":{"line":105,"column":5}}],"line":101},"6":{"loc":{"start":{"line":108,"column":24},"end":{"line":110,"column":11}},"type":"cond-expr","locations":[{"start":{"line":109,"column":6},"end":{"line":109,"column":78}},{"start":{"line":110,"column":6},"end":{"line":110,"column":11}}],"line":108},"7":{"loc":{"start":{"line":117,"column":66},"end":{"line":117,"column":113}},"type":"cond-expr","locations":[{"start":{"line":117,"column":83},"end":{"line":117,"column":89}},{"start":{"line":117,"column":92},"end":{"line":117,"column":113}}],"line":117},"8":{"loc":{"start":{"line":158,"column":16},"end":{"line":160,"column":47}},"type":"cond-expr","locations":[{"start":{"line":159,"column":20},"end":{"line":159,"column":41}},{"start":{"line":160,"column":20},"end":{"line":160,"column":47}}],"line":158},"9":{"loc":{"start":{"line":175,"column":9},"end":{"line":182,"column":9}},"type":"binary-expr","locations":[{"start":{"line":175,"column":9},"end":{"line":175,"column":24}},{"start":{"line":176,"column":10},"end":{"line":181,"column":19}}],"line":175},"10":{"loc":{"start":{"line":212,"column":55},"end":{"line":212,"column":118}},"type":"cond-expr","locations":[{"start":{"line":212,"column":86},"end":{"line":212,"column":100}},{"start":{"line":212,"column":103},"end":{"line":212,"column":118}}],"line":212},"11":{"loc":{"start":{"line":222,"column":55},"end":{"line":222,"column":121}},"type":"cond-expr","locations":[{"start":{"line":222,"column":86},"end":{"line":222,"column":103}},{"start":{"line":222,"column":106},"end":{"line":222,"column":121}}],"line":222},"12":{"loc":{"start":{"line":251,"column":17},"end":{"line":255,"column":17}},"type":"binary-expr","locations":[{"start":{"line":251,"column":17},"end":{"line":251,"column":41}},{"start":{"line":252,"column":18},"end":{"line":254,"column":24}}],"line":251},"13":{"loc":{"start":{"line":263,"column":7},"end":{"line":324,"column":7}},"type":"binary-expr","locations":[{"start":{"line":263,"column":7},"end":{"line":263,"column":16}},{"start":{"line":264,"column":8},"end":{"line":323,"column":14}}],"line":263}},"s":{"0":1,"1":16,"2":16,"3":16,"4":16,"5":16,"6":16,"7":16,"8":16,"9":16,"10":16,"11":2,"12":16,"13":0,"14":0,"15":0,"16":16,"17":1,"18":0,"19":0,"20":1,"21":16,"22":1,"23":0,"24":0,"25":1,"26":16,"27":1,"28":1,"29":1,"30":1,"31":1,"32":16,"33":0,"34":0,"35":0,"36":0,"37":16,"38":0,"39":0,"40":16,"41":16,"42":112,"43":0,"44":2,"45":65,"46":0,"47":1,"48":1,"49":1,"50":1,"51":145,"52":1,"53":1,"54":1,"55":28},"f":{"0":16,"1":2,"2":0,"3":1,"4":0,"5":1,"6":0,"7":1,"8":0,"9":0,"10":0,"11":0,"12":112,"13":0,"14":2,"15":65,"16":0,"17":1,"18":1,"19":145,"20":1,"21":1,"22":1,"23":28},"b":{"0":[0,0],"1":[0,1],"2":[0,1],"3":[1,0],"4":[1,0],"5":[0,0],"6":[0,16],"7":[15,1],"8":[0,112],"9":[16,1],"10":[1,64],"11":[1,64],"12":[65,0],"13":[16,4]},"_coverageSchema":"1a1c01bbd47fc00a2c39e90264f33305004495a9","hash":"4393033e081d84a5e9d2a515b0d8534582a6a117"}
,"C:\\Users\\Acer\\Desktop\\CSUChico\\630\\frontend-HabitStacker\\habit-hop\\src\\pages\\Dashboard.jsx": {"path":"C:\\Users\\Acer\\Desktop\\CSUChico\\630\\frontend-HabitStacker\\habit-hop\\src\\pages\\Dashboard.jsx","statementMap":{"0":{"start":{"line":10,"column":19},"end":{"line":10,"column":32}},"1":{"start":{"line":12,"column":30},"end":{"line":14,"column":3}},"2":{"start":{"line":13,"column":4},"end":{"line":13,"column":24}},"3":{"start":{"line":16,"column":34},"end":{"line":16,"column":48}},"4":{"start":{"line":17,"column":28},"end":{"line":17,"column":42}},"5":{"start":{"line":19,"column":2},"end":{"line":31,"column":9}},"6":{"start":{"line":20,"column":22},"end":{"line":28,"column":5}},"7":{"start":{"line":21,"column":6},"end":{"line":27,"column":7}},"8":{"start":{"line":22,"column":21},"end":{"line":22,"column":40}},"9":{"start":{"line":23,"column":8},"end":{"line":23,"column":26}},"10":{"start":{"line":25,"column":8},"end":{"line":25,"column":56}},"11":{"start":{"line":26,"column":8},"end":{"line":26,"column":56}},"12":{"start":{"line":30,"column":4},"end":{"line":30,"column":16}},"13":{"start":{"line":33,"column":2},"end":{"line":63,"column":4}}},"fnMap":{"0":{"name":"Dashboard","decl":{"start":{"line":9,"column":24},"end":{"line":9,"column":33}},"loc":{"start":{"line":9,"column":36},"end":{"line":64,"column":1}},"line":9},"1":{"name":"(anonymous_1)","decl":{"start":{"line":12,"column":30},"end":{"line":12,"column":31}},"loc":{"start":{"line":12,"column":36},"end":{"line":14,"column":3}},"line":12},"2":{"name":"(anonymous_2)","decl":{"start":{"line":19,"column":12},"end":{"line":19,"column":13}},"loc":{"start":{"line":19,"column":18},"end":{"line":31,"column":3}},"line":19},"3":{"name":"(anonymous_3)","decl":{"start":{"line":20,"column":22},"end":{"line":20,"column":23}},"loc":{"start":{"line":20,"column":34},"end":{"line":28,"column":5}},"line":20}},"branchMap":{"0":{"loc":{"start":{"line":26,"column":17},"end":{"line":26,"column":54}},"type":"binary-expr","locations":[{"start":{"line":26,"column":17},"end":{"line":26,"column":28}},{"start":{"line":26,"column":32},"end":{"line":26,"column":54}}],"line":26},"1":{"loc":{"start":{"line":47,"column":9},"end":{"line":47,"column":111}},"type":"cond-expr","locations":[{"start":{"line":47,"column":20},"end":{"line":47,"column":75}},{"start":{"line":47,"column":78},"end":{"line":47,"column":111}}],"line":47}},"s":{"0":7,"1":7,"2":1,"3":7,"4":7,"5":7,"6":7,"7":7,"8":7,"9":0,"10":0,"11":0,"12":7,"13":7},"f":{"0":7,"1":1,"2":7,"3":7},"b":{"0":[0,0],"1":[0,7]},"_coverageSchema":"1a1c01bbd47fc00a2c39e90264f33305004495a9","hash":"a5d8403eed2747f7d554db44a62b6052d5d77196"}
,"C:\\Users\\Acer\\Desktop\\CSUChico\\630\\frontend-HabitStacker\\habit-hop\\src\\pages\\Habits.jsx": {"path":"C:\\Users\\Acer\\Desktop\\CSUChico\\630\\frontend-HabitStacker\\habit-hop\\src\\pages\\Habits.jsx","statementMap":{"0":{"start":{"line":7,"column":30},"end":{"line":7,"column":42}},"1":{"start":{"line":8,"column":38},"end":{"line":8,"column":53}},"2":{"start":{"line":9,"column":30},"end":{"line":9,"column":44}},"3":{"start":{"line":10,"column":19},"end":{"line":10,"column":32}},"4":{"start":{"line":11,"column":44},"end":{"line":11,"column":56}},"5":{"start":{"line":13,"column":2},"end":{"line":42,"column":9}},"6":{"start":{"line":14,"column":24},"end":{"line":39,"column":5}},"7":{"start":{"line":15,"column":6},"end":{"line":38,"column":7}},"8":{"start":{"line":16,"column":22},"end":{"line":16,"column":55}},"9":{"start":{"line":17,"column":8},"end":{"line":17,"column":54}},"10":{"start":{"line":17,"column":20},"end":{"line":17,"column":54}},"11":{"start":{"line":19,"column":24},"end":{"line":19,"column":40}},"12":{"start":{"line":20,"column":23},"end":{"line":20,"column":37}},"13":{"start":{"line":21,"column":8},"end":{"line":21,"column":26}},"14":{"start":{"line":22,"column":25},"end":{"line":28,"column":10}},"15":{"start":{"line":29,"column":21},"end":{"line":29,"column":42}},"16":{"start":{"line":31,"column":8},"end":{"line":35,"column":9}},"17":{"start":{"line":32,"column":10},"end":{"line":32,"column":33}},"18":{"start":{"line":34,"column":10},"end":{"line":34,"column":65}},"19":{"start":{"line":37,"column":8},"end":{"line":37,"column":55}},"20":{"start":{"line":41,"column":4},"end":{"line":41,"column":18}},"21":{"start":{"line":44,"column":23},"end":{"line":70,"column":3}},"22":{"start":{"line":45,"column":22},"end":{"line":45,"column":83}},"23":{"start":{"line":46,"column":4},"end":{"line":46,"column":27}},"24":{"start":{"line":46,"column":20},"end":{"line":46,"column":27}},"25":{"start":{"line":48,"column":4},"end":{"line":69,"column":5}},"26":{"start":{"line":49,"column":20},"end":{"line":49,"column":53}},"27":{"start":{"line":50,"column":23},"end":{"line":58,"column":7}},"28":{"start":{"line":59,"column":19},"end":{"line":59,"column":40}},"29":{"start":{"line":60,"column":6},"end":{"line":66,"column":7}},"30":{"start":{"line":61,"column":8},"end":{"line":61,"column":71}},"31":{"start":{"line":61,"column":28},"end":{"line":61,"column":69}},"32":{"start":{"line":61,"column":47},"end":{"line":61,"column":68}},"33":{"start":{"line":62,"column":8},"end":{"line":62,"column":55}},"34":{"start":{"line":63,"column":8},"end":{"line":63,"column":53}},"35":{"start":{"line":63,"column":25},"end":{"line":63,"column":45}},"36":{"start":{"line":65,"column":8},"end":{"line":65,"column":66}},"37":{"start":{"line":68,"column":6},"end":{"line":68,"column":52}},"38":{"start":{"line":73,"column":2},"end":{"line":145,"column":4}},"39":{"start":{"line":85,"column":29},"end":{"line":85,"column":59}},"40":{"start":{"line":85,"column":53},"end":{"line":85,"column":58}},"41":{"start":{"line":99,"column":25},"end":{"line":99,"column":47}},"42":{"start":{"line":109,"column":10},"end":{"line":141,"column":16}},"43":{"start":{"line":135,"column":31},"end":{"line":135,"column":58}}},"fnMap":{"0":{"name":"Habits","decl":{"start":{"line":6,"column":24},"end":{"line":6,"column":30}},"loc":{"start":{"line":6,"column":33},"end":{"line":146,"column":1}},"line":6},"1":{"name":"(anonymous_1)","decl":{"start":{"line":13,"column":12},"end":{"line":13,"column":13}},"loc":{"start":{"line":13,"column":18},"end":{"line":42,"column":3}},"line":13},"2":{"name":"(anonymous_2)","decl":{"start":{"line":14,"column":24},"end":{"line":14,"column":25}},"loc":{"start":{"line":14,"column":36},"end":{"line":39,"column":5}},"line":14},"3":{"name":"(anonymous_3)","decl":{"start":{"line":44,"column":23},"end":{"line":44,"column":24}},"loc":{"start":{"line":44,"column":42},"end":{"line":70,"column":3}},"line":44},"4":{"name":"(anonymous_4)","decl":{"start":{"line":61,"column":18},"end":{"line":61,"column":19}},"loc":{"start":{"line":61,"column":28},"end":{"line":61,"column":69}},"line":61},"5":{"name":"(anonymous_5)","decl":{"start":{"line":61,"column":40},"end":{"line":61,"column":41}},"loc":{"start":{"line":61,"column":47},"end":{"line":61,"column":68}},"line":61},"6":{"name":"(anonymous_6)","decl":{"start":{"line":63,"column":19},"end":{"line":63,"column":20}},"loc":{"start":{"line":63,"column":25},"end":{"line":63,"column":45}},"line":63},"7":{"name":"(anonymous_7)","decl":{"start":{"line":85,"column":23},"end":{"line":85,"column":24}},"loc":{"start":{"line":85,"column":29},"end":{"line":85,"column":59}},"line":85},"8":{"name":"(anonymous_8)","decl":{"start":{"line":85,"column":43},"end":{"line":85,"column":44}},"loc":{"start":{"line":85,"column":53},"end":{"line":85,"column":58}},"line":85},"9":{"name":"(anonymous_9)","decl":{"start":{"line":99,"column":19},"end":{"line":99,"column":20}},"loc":{"start":{"line":99,"column":25},"end":{"line":99,"column":47}},"line":99},"10":{"name":"(anonymous_10)","decl":{"start":{"line":108,"column":20},"end":{"line":108,"column":21}},"loc":{"start":{"line":109,"column":10},"end":{"line":141,"column":16}},"line":109},"11":{"name":"(anonymous_11)","decl":{"start":{"line":135,"column":25},"end":{"line":135,"column":26}},"loc":{"start":{"line":135,"column":31},"end":{"line":135,"column":58}},"line":135}},"branchMap":{"0":{"loc":{"start":{"line":17,"column":8},"end":{"line":17,"column":54}},"type":"if","locations":[{"start":{"line":17,"column":8},"end":{"line":17,"column":54}},{"start":{},"end":{}}],"line":17},"1":{"loc":{"start":{"line":31,"column":8},"end":{"line":35,"column":9}},"type":"if","locations":[{"start":{"line":31,"column":8},"end":{"line":35,"column":9}},{"start":{"line":33,"column":15},"end":{"line":35,"column":9}}],"line":31},"2":{"loc":{"start":{"line":46,"column":4},"end":{"line":46,"column":27}},"type":"if","locations":[{"start":{"line":46,"column":4},"end":{"line":46,"column":27}},{"start":{},"end":{}}],"line":46},"3":{"loc":{"start":{"line":60,"column":6},"end":{"line":66,"column":7}},"type":"if","locations":[{"start":{"line":60,"column":6},"end":{"line":66,"column":7}},{"start":{"line":64,"column":13},"end":{"line":66,"column":7}}],"line":60},"4":{"loc":{"start":{"line":65,"column":24},"end":{"line":65,"column":64}},"type":"binary-expr","locations":[{"start":{"line":65,"column":24},"end":{"line":65,"column":36}},{"start":{"line":65,"column":40},"end":{"line":65,"column":64}}],"line":65},"5":{"loc":{"start":{"line":75,"column":7},"end":{"line":79,"column":7}},"type":"binary-expr","locations":[{"start":{"line":75,"column":7},"end":{"line":75,"column":20}},{"start":{"line":76,"column":8},"end":{"line":78,"column":14}}],"line":75},"6":{"loc":{"start":{"line":87,"column":16},"end":{"line":87,"column":92}},"type":"cond-expr","locations":[{"start":{"line":87,"column":29},"end":{"line":87,"column":58}},{"start":{"line":87,"column":61},"end":{"line":87,"column":92}}],"line":87},"7":{"loc":{"start":{"line":90,"column":15},"end":{"line":90,"column":63}},"type":"cond-expr","locations":[{"start":{"line":90,"column":28},"end":{"line":90,"column":46}},{"start":{"line":90,"column":49},"end":{"line":90,"column":63}}],"line":90},"8":{"loc":{"start":{"line":133,"column":13},"end":{"line":140,"column":13}},"type":"binary-expr","locations":[{"start":{"line":133,"column":13},"end":{"line":133,"column":23}},{"start":{"line":134,"column":14},"end":{"line":139,"column":23}}],"line":133}},"s":{"0":8,"1":8,"2":8,"3":8,"4":8,"5":8,"6":2,"7":2,"8":2,"9":2,"10":0,"11":2,"12":2,"13":2,"14":2,"15":2,"16":2,"17":2,"18":0,"19":0,"20":2,"21":8,"22":1,"23":1,"24":0,"25":1,"26":1,"27":1,"28":1,"29":1,"30":1,"31":1,"32":1,"33":1,"34":1,"35":0,"36":0,"37":0,"38":8,"39":1,"40":1,"41":0,"42":3,"43":1},"f":{"0":8,"1":2,"2":2,"3":1,"4":1,"5":1,"6":0,"7":1,"8":1,"9":0,"10":3,"11":1},"b":{"0":[0,2],"1":[2,0],"2":[0,1],"3":[1,0],"4":[0,0],"5":[8,1],"6":[2,6],"7":[2,6],"8":[3,1]},"_coverageSchema":"1a1c01bbd47fc00a2c39e90264f33305004495a9","hash":"03aac3eaebf53eb15a4e8551ff646882143418f9"}
,"C:\\Users\\Acer\\Desktop\\CSUChico\\630\\frontend-HabitStacker\\habit-hop\\src\\pages\\Leaderboard.jsx": {"path":"C:\\Users\\Acer\\Desktop\\CSUChico\\630\\frontend-HabitStacker\\habit-hop\\src\\pages\\Leaderboard.jsx","statementMap":{"0":{"start":{"line":21,"column":48},"end":{"line":21,"column":60}},"1":{"start":{"line":22,"column":32},"end":{"line":22,"column":46}},"2":{"start":{"line":23,"column":36},"end":{"line":23,"column":54}},"3":{"start":{"line":24,"column":16},"end":{"line":24,"column":26}},"4":{"start":{"line":25,"column":19},"end":{"line":25,"column":62}},"5":{"start":{"line":28,"column":2},"end":{"line":112,"column":18}},"6":{"start":{"line":30,"column":4},"end":{"line":111,"column":13}},"7":{"start":{"line":31,"column":23},"end":{"line":104,"column":7}},"8":{"start":{"line":107,"column":6},"end":{"line":107,"column":51}},"9":{"start":{"line":107,"column":30},"end":{"line":107,"column":49}},"10":{"start":{"line":109,"column":6},"end":{"line":109,"column":35}},"11":{"start":{"line":110,"column":6},"end":{"line":110,"column":24}},"12":{"start":{"line":114,"column":32},"end":{"line":117,"column":3}},"13":{"start":{"line":115,"column":4},"end":{"line":115,"column":21}},"14":{"start":{"line":116,"column":4},"end":{"line":116,"column":27}},"15":{"start":{"line":120,"column":29},"end":{"line":123,"column":3}},"16":{"start":{"line":121,"column":22},"end":{"line":121,"column":75}},"17":{"start":{"line":121,"column":56},"end":{"line":121,"column":74}},"18":{"start":{"line":122,"column":4},"end":{"line":122,"column":51}},"19":{"start":{"line":125,"column":2},"end":{"line":345,"column":4}},"20":{"start":{"line":168,"column":14},"end":{"line":248,"column":21}},"21":{"start":{"line":260,"column":14},"end":{"line":319,"column":20}}},"fnMap":{"0":{"name":"Leaderboard","decl":{"start":{"line":20,"column":24},"end":{"line":20,"column":35}},"loc":{"start":{"line":20,"column":38},"end":{"line":346,"column":1}},"line":20},"1":{"name":"(anonymous_1)","decl":{"start":{"line":28,"column":12},"end":{"line":28,"column":13}},"loc":{"start":{"line":28,"column":18},"end":{"line":112,"column":3}},"line":28},"2":{"name":"(anonymous_2)","decl":{"start":{"line":30,"column":15},"end":{"line":30,"column":16}},"loc":{"start":{"line":30,"column":21},"end":{"line":111,"column":5}},"line":30},"3":{"name":"(anonymous_3)","decl":{"start":{"line":107,"column":20},"end":{"line":107,"column":21}},"loc":{"start":{"line":107,"column":30},"end":{"line":107,"column":49}},"line":107},"4":{"name":"(anonymous_4)","decl":{"start":{"line":114,"column":32},"end":{"line":114,"column":33}},"loc":{"start":{"line":114,"column":53},"end":{"line":117,"column":3}},"line":114},"5":{"name":"(anonymous_5)","decl":{"start":{"line":120,"column":29},"end":{"line":120,"column":30}},"loc":{"start":{"line":120,"column":35},"end":{"line":123,"column":3}},"line":120},"6":{"name":"(anonymous_6)","decl":{"start":{"line":121,"column":48},"end":{"line":121,"column":49}},"loc":{"start":{"line":121,"column":56},"end":{"line":121,"column":74}},"line":121},"7":{"name":"(anonymous_7)","decl":{"start":{"line":167,"column":45},"end":{"line":167,"column":46}},"loc":{"start":{"line":168,"column":14},"end":{"line":248,"column":21}},"line":168},"8":{"name":"(anonymous_8)","decl":{"start":{"line":259,"column":42},"end":{"line":259,"column":43}},"loc":{"start":{"line":260,"column":14},"end":{"line":319,"column":20}},"line":260}},"branchMap":{"0":{"loc":{"start":{"line":122,"column":11},"end":{"line":122,"column":50}},"type":"cond-expr","locations":[{"start":{"line":122,"column":30},"end":{"line":122,"column":43}},{"start":{"line":122,"column":46},"end":{"line":122,"column":50}}],"line":122},"1":{"loc":{"start":{"line":153,"column":7},"end":{"line":343,"column":7}},"type":"cond-expr","locations":[{"start":{"line":154,"column":8},"end":{"line":156,"column":14}},{"start":{"line":158,"column":8},"end":{"line":342,"column":11}}],"line":153},"2":{"loc":{"start":{"line":173,"column":28},"end":{"line":173,"column":55}},"type":"cond-expr","locations":[{"start":{"line":173,"column":39},"end":{"line":173,"column":45}},{"start":{"line":173,"column":48},"end":{"line":173,"column":55}}],"line":173},"3":{"loc":{"start":{"line":175,"column":35},"end":{"line":175,"column":103}},"type":"cond-expr","locations":[{"start":{"line":175,"column":56},"end":{"line":175,"column":82}},{"start":{"line":175,"column":85},"end":{"line":175,"column":103}}],"line":175},"4":{"loc":{"start":{"line":176,"column":26},"end":{"line":176,"column":75}},"type":"cond-expr","locations":[{"start":{"line":176,"column":47},"end":{"line":176,"column":66}},{"start":{"line":176,"column":69},"end":{"line":176,"column":75}}],"line":176},"5":{"loc":{"start":{"line":177,"column":29},"end":{"line":177,"column":69}},"type":"cond-expr","locations":[{"start":{"line":177,"column":43},"end":{"line":177,"column":56}},{"start":{"line":177,"column":59},"end":{"line":177,"column":69}}],"line":177},"6":{"loc":{"start":{"line":200,"column":32},"end":{"line":202,"column":49}},"type":"cond-expr","locations":[{"start":{"line":200,"column":46},"end":{"line":200,"column":65}},{"start":{"line":201,"column":30},"end":{"line":202,"column":49}}],"line":200},"7":{"loc":{"start":{"line":201,"column":30},"end":{"line":202,"column":49}},"type":"cond-expr","locations":[{"start":{"line":201,"column":44},"end":{"line":201,"column":63}},{"start":{"line":202,"column":30},"end":{"line":202,"column":49}}],"line":201},"8":{"loc":{"start":{"line":209,"column":39},"end":{"line":211,"column":47}},"type":"cond-expr","locations":[{"start":{"line":209,"column":53},"end":{"line":209,"column":62}},{"start":{"line":210,"column":38},"end":{"line":211,"column":47}}],"line":209},"9":{"loc":{"start":{"line":210,"column":38},"end":{"line":211,"column":47}},"type":"cond-expr","locations":[{"start":{"line":210,"column":52},"end":{"line":210,"column":61}},{"start":{"line":211,"column":38},"end":{"line":211,"column":47}}],"line":210},"10":{"loc":{"start":{"line":267,"column":35},"end":{"line":267,"column":98}},"type":"cond-expr","locations":[{"start":{"line":267,"column":56},"end":{"line":267,"column":82}},{"start":{"line":267,"column":85},"end":{"line":267,"column":98}}],"line":267},"11":{"loc":{"start":{"line":289,"column":64},"end":{"line":289,"column":103}},"type":"cond-expr","locations":[{"start":{"line":289,"column":85},"end":{"line":289,"column":91}},{"start":{"line":289,"column":94},"end":{"line":289,"column":103}}],"line":289},"12":{"loc":{"start":{"line":291,"column":21},"end":{"line":298,"column":21}},"type":"binary-expr","locations":[{"start":{"line":291,"column":21},"end":{"line":291,"column":39}},{"start":{"line":292,"column":22},"end":{"line":297,"column":24}}],"line":291},"13":{"loc":{"start":{"line":303,"column":30},"end":{"line":303,"column":58}},"type":"cond-expr","locations":[{"start":{"line":303,"column":41},"end":{"line":303,"column":47}},{"start":{"line":303,"column":50},"end":{"line":303,"column":58}}],"line":303},"14":{"loc":{"start":{"line":324,"column":11},"end":{"line":341,"column":11}},"type":"binary-expr","locations":[{"start":{"line":324,"column":11},"end":{"line":324,"column":31}},{"start":{"line":325,"column":12},"end":{"line":340,"column":20}}],"line":324}},"s":{"0":18,"1":17,"2":17,"3":17,"4":17,"5":17,"6":10,"7":7,"8":7,"9":49,"10":7,"11":7,"12":17,"13"
[...]
mn":86}},"21":{"start":{"line":47,"column":22},"end":{"line":47,"column":68}},"22":{"start":{"line":49,"column":6},"end":{"line":49,"column":68}},"23":{"start":{"line":52,"column":6},"end":{"line":117,"column":9}},"24":{"start":{"line":53,"column":8},"end":{"line":53,"column":72}},"25":{"start":{"line":56,"column":25},"end":{"line":60,"column":10}},"26":{"start":{"line":57,"column":24},"end":{"line":57,"column":44}},"27":{"start":{"line":58,"column":10},"end":{"line":58,"column":96}},"28":{"start":{"line":59,"column":10},"end":{"line":59,"column":23}},"29":{"start":{"line":63,"column":8},"end":{"line":66,"column":9}},"30":{"start":{"line":64,"column":10},"end":{"line":64,"column":71}},"31":{"start":{"line":65,"column":10},"end":{"line":65,"column":17}},"32":{"start":{"line":70,"column":8},"end":{"line":74,"column":9}},"33":{"start":{"line":71,"column":10},"end":{"line":71,"column":76}},"34":{"start":{"line":73,"column":10},"end":{"line":73,"column":40}},"35":{"start":{"line":77,"column":8},"end":{"line":80,"column":9}},"36":{"start":{"line":78,"column":10},"end":{"line":78,"column":85}},"37":{"start":{"line":79,"column":10},"end":{"line":79,"column":17}},"38":{"start":{"line":84,"column":8},"end":{"line":92,"column":9}},"39":{"start":{"line":85,"column":10},"end":{"line":85,"column":77}},"40":{"start":{"line":86,"column":10},"end":{"line":86,"column":77}},"41":{"start":{"line":87,"column":15},"end":{"line":92,"column":9}},"42":{"start":{"line":88,"column":10},"end":{"line":88,"column":53}},"43":{"start":{"line":90,"column":10},"end":{"line":90,"column":27}},"44":{"start":{"line":91,"column":10},"end":{"line":91,"column":27}},"45":{"start":{"line":96,"column":8},"end":{"line":100,"column":9}},"46":{"start":{"line":97,"column":10},"end":{"line":97,"column":51}},"47":{"start":{"line":99,"column":10},"end":{"line":99,"column":40}},"48":{"start":{"line":103,"column":25},"end":{"line":111,"column":9}},"49":{"start":{"line":113,"column":8},"end":{"line":113,"column":92}},"50":{"start":{"line":116,"column":8},"end":{"line":116,"column":50}},"51":{"start":{"line":120,"column":4},"end":{"line":120,"column":45}},"52":{"start":{"line":121,"column":4},"end":{"line":121,"column":47}},"53":{"start":{"line":122,"column":4},"end":{"line":122,"column":18}},"54":{"start":{"line":130,"column":34},"end":{"line":141,"column":3}},"55":{"start":{"line":132,"column":14},"end":{"line":132,"column":28}},"56":{"start":{"line":134,"column":17},"end":{"line":134,"column":32}},"57":{"start":{"line":135,"column":18},"end":{"line":135,"column":59}},"58":{"start":{"line":136,"column":16},"end":{"line":136,"column":52}},"59":{"start":{"line":138,"column":22},"end":{"line":138,"column":47}},"60":{"start":{"line":139,"column":4},"end":{"line":139,"column":70}},"61":{"start":{"line":140,"column":4},"end":{"line":140,"column":21}},"62":{"start":{"line":148,"column":35},"end":{"line":151,"column":3}},"63":{"start":{"line":149,"column":20},"end":{"line":149,"column":54}},"64":{"start":{"line":150,"column":4},"end":{"line":150,"column":53}},"65":{"start":{"line":158,"column":34},"end":{"line":181,"column":3}},"66":{"start":{"line":160,"column":16},"end":{"line":160,"column":26}},"67":{"start":{"line":162,"column":22},"end":{"line":162,"column":34}},"68":{"start":{"line":166,"column":27},"end":{"line":166,"column":62}},"69":{"start":{"line":169,"column":32},"end":{"line":169,"column":45}},"70":{"start":{"line":170,"column":4},"end":{"line":170,"column":64}},"71":{"start":{"line":173,"column":4},"end":{"line":173,"column":45}},"72":{"start":{"line":176,"column":22},"end":{"line":176,"column":51}},"73":{"start":{"line":177,"column":4},"end":{"line":177,"column":72}},"74":{"start":{"line":179,"column":4},"end":{"line":179,"column":86}},"75":{"start":{"line":180,"column":4},"end":{"line":180,"column":21}},"76":{"start":{"line":188,"column":35},"end":{"line":205,"column":3}},"77":{"start":{"line":189,"column":22},"end":{"line":189,"column":24}},"78":{"start":{"line":191,"column":4},"end":{"line":197,"column":5}},"79":{"start":{"line":191,"column":17},"end":{"line":191,"column":18}},"80":{"start":{"line":192,"column":19},"end":{"line":192,"column":38}},"81":{"start":{"line":193,"column":6},"end":{"line":193,"column":44}},"82":{"start":{"line":195,"column":6},"end":{"line":195,"column":32}},"83":{"start":{"line":196,"column":6},"end":{"line":196,"column":27}},"84":{"start":{"line":199,"column":4},"end":{"line":199,"column":41}},"85":{"start":{"line":200,"column":4},"end":{"line":202,"column":7}},"86":{"start":{"line":201,"column":6},"end":{"line":201,"column":77}},"87":{"start":{"line":204,"column":4},"end":{"line":204,"column":21}},"88":{"start":{"line":212,"column":33},"end":{"line":227,"column":3}},"89":{"start":{"line":213,"column":20},"end":{"line":213,"column":39}},"90":{"start":{"line":214,"column":4},"end":{"line":214,"column":45}},"91":{"start":{"line":216,"column":23},"end":{"line":216,"column":80}},"92":{"start":{"line":217,"column":21},"end":{"line":217,"column":76}},"93":{"start":{"line":219,"column":21},"end":{"line":219,"column":40}},"94":{"start":{"line":220,"column":19},"end":{"line":220,"column":36}},"95":{"start":{"line":222,"column":4},"end":{"line":226,"column":5}},"96":{"start":{"line":223,"column":6},"end":{"line":223,"column":53}},"97":{"start":{"line":225,"column":6},"end":{"line":225,"column":65}},"98":{"start":{"line":234,"column":25},"end":{"line":239,"column":3}},"99":{"start":{"line":235,"column":18},"end":{"line":235,"column":28}},"100":{"start":{"line":236,"column":4},"end":{"line":238,"column":49}},"101":{"start":{"line":249,"column":38},"end":{"line":261,"column":3}},"102":{"start":{"line":250,"column":27},"end":{"line":250,"column":41}},"103":{"start":{"line":252,"column":29},"end":{"line":252,"column":93}},"104":{"start":{"line":252,"column":65},"end":{"line":252,"column":92}},"105":{"start":{"line":253,"column":4},"end":{"line":258,"column":5}},"106":{"start":{"line":254,"column":24},"end":{"line":254,"column":63}},"107":{"start":{"line":255,"column":6},"end":{"line":257,"column":7}},"108":{"start":{"line":256,"column":8},"end":{"line":256,"column":55}},"109":{"start":{"line":260,"column":4},"end":{"line":260,"column":26}},"110":{"start":{"line":271,"column":38},"end":{"line":296,"column":3}},"111":{"start":{"line":272,"column":27},"end":{"line":272,"column":41}},"112":{"start":{"line":275,"column":27},"end":{"line":275,"column":100}},"113":{"start":{"line":275,"column":74},"end":{"line":275,"column":91}},"114":{"start":{"line":278,"column":24},"end":{"line":291,"column":5}},"115":{"start":{"line":293,"column":4},"end":{"line":293,"column":48}},"116":{"start":{"line":295,"column":4},"end":{"line":295,"column":26}},"117":{"start":{"line":305,"column":43},"end":{"line":328,"column":3}},"118":{"start":{"line":306,"column":27},"end":{"line":306,"column":41}},"119":{"start":{"line":308,"column":26},"end":{"line":308,"column":95}},"120":{"start":{"line":308,"column":67},"end":{"line":308,"column":94}},"121":{"start":{"line":309,"column":4},"end":{"line":325,"column":5}},"122":{"start":{"line":310,"column":23},"end":{"line":310,"column":63}},"123":{"start":{"line":311,"column":24},"end":{"line":311,"column":55}},"124":{"start":{"line":313,"column":6},"end":{"line":324,"column":7}},"125":{"start":{"line":315,"column":8},"end":{"line":323,"column":9}},"126":{"start":{"line":316,"column":10},"end":{"line":316,"column":46}},"127":{"start":{"line":317,"column":10},"end":{"line":317,"column":46}},"128":{"start":{"line":318,"column":10},"end":{"line":318,"column":50}},"129":{"start":{"line":319,"column":10},"end":{"line":319,"column":47}},"130":{"start":{"line":322,"column":10},"end":{"line":322,"column":61}},"131":{"start":{"line":327,"column":4},"end":{"line":327,"column":26}}},"fnMap":{"0":{"name":"(anonymous_0)","decl":{"start":{"line":8,"column":41},"end":{"line":8,"column":42}},"loc":{"start":{"line":8,"column":76},"end":{"line":123,"column":3}},"line":8},"1":{"name":"(anonymous_1)","decl":{"start":{"line":14,"column":33},"end":{"line":14,"column":34}},"loc":{"start":{"line":14,"column":39},"end":{"line":20,"column":5}},"line":14},"2":{"name":"(anonymous_2)","decl":{"start":{"line":16,"column":24},"end":{"line":16,"column":25}},"loc":{"start":{"line":16,"column":32},"end":{"line":18,"column":7}},"line":16},"3":{"name":"(anonymous_3)","decl":{"start":{"line":29,"column":45},"end":{"line":29,"column":46}},"loc":{"start":{"line":29,"column":53},"end":{"line":31,"column":5}},"line":29},"4":{"name":"(anonymous_4)","decl":{"start":{"line":36,"column":31},"end":{"line":36,"column":32}},"loc":{"start":{"line":36,"column":43},"end":{"line":118,"column":5}},"line":36},"5":{"name":"(anonymous_5)","decl":{"start":{"line":52,"column":29},"end":{"line":52,"column":30}},"loc":{"start":{"line":52,"column":53},"end":{"line":117,"column":7}},"line":52},"6":{"name":"(anonymous_6)","decl":{"start":{"line":56,"column":54},"end":{"line":56,"column":55}},"loc":{"start":{"line":56,"column":66},"end":{"line":60,"column":9}},"line":56},"7":{"name":"(anonymous_7)","decl":{"start":{"line":130,"column":34},"end":{"line":130,"column":35}},"loc":{"start":{"line":130,"column":44},"end":{"line":141,"column":3}},"line":130},"8":{"name":"(anonymous_8)","decl":{"start":{"line":148,"column":35},"end":{"line":148,"column":36}},"loc":{"start":{"line":148,"column":45},"end":{"line":151,"column":3}},"line":148},"9":{"name":"(anonymous_9)","decl":{"start":{"line":158,"column":34},"end":{"line":158,"column":35}},"loc":{"start":{"line":158,"column":54},"end":{"line":181,"column":3}},"line":158},"10":{"name":"(anonymous_10)","decl":{"start":{"line":188,"column":35},"end":{"line":188,"column":36}},"loc":{"start":{"line":188,"column":50},"end":{"line":205,"column":3}},"line":188},"11":{"name":"(anonymous_11)","decl":{"start":{"line":200,"column":22},"end":{"line":200,"column":23}},"loc":{"start":{"line":200,"column":35},"end":{"line":202,"column":5}},"line":200},"12":{"name":"(anonymous_12)","decl":{"start":{"line":212,"column":33},"end":{"line":212,"column":34}},"loc":{"start":{"line":212,"column":48},"end":{"line":227,"column":3}},"line":212},"13":{"name":"(anonymous_13)","decl":{"start":{"line":234,"column":25},"end":{"line":234,"column":26}},"loc":{"start":{"line":234,"column":35},"end":{"line":239,"column":3}},"line":234},"14":{"name":"(anonymous_14)","decl":{"start":{"line":249,"column":38},"end":{"line":249,"column":39}},"loc":{"start":{"line":249,"column":83},"end":{"line":261,"column":3}},"line":249},"15":{"name":"(anonymous_15)","decl":{"start":{"line":252,"column":60},"end":{"line":252,"column":61}},"loc":{"start":{"line":252,"column":65},"end":{"line":252,"column":92}},"line":252},"16":{"name":"(anonymous_16)","decl":{"start":{"line":271,"column":38},"end":{"line":271,"column":39}},"loc":{"start":{"line":271,"column":84},"end":{"line":296,"column":3}},"line":271},"17":{"name":"(anonymous_17)","decl":{"start":{"line":275,"column":69},"end":{"line":275,"column":70}},"loc":{"start":{"line":275,"column":74},"end":{"line":275,"column":91}},"line":275},"18":{"name":"(anonymous_18)","decl":{"start":{"line":305,"column":43},"end":{"line":305,"column":44}},"loc":{"start":{"line":305,"column":77},"end":{"line":328,"column":3}},"line":305},"19":{"name":"(anonymous_19)","decl":{"start":{"line":308,"column":62},"end":{"line":308,"column":63}},"loc":{"start":{"line":308,"column":67},"end":{"line":308,"column":94}},"line":308}},"branchMap":{"0":{"loc":{"start":{"line":23,"column":4},"end":{"line":26,"column":5}},"type":"if","locations":[{"start":{"line":23,"column":4},"end":{"line":26,"column":5}},{"start":{},"end":{}}],"line":23},"1":{"loc":{"start":{"line":23,"column":8},"end":{"line":23,"column":74}},"type":"binary-expr","locations":[{"start":{"line":23,"column":8},"end":{"line":23,"column":16}},{"start":{"line":23,"column":20},"end":{"line":23,"column":39}},{"start":{"line":23,"column":43},"end":{"line":23,"column":74}}],"line":23},"2":{"loc":{"start":{"line":40,"column":6},"end":{"line":43,"column":7}},"type":"if","locations":[{"start":{"line":40,"column":6},"end":{"line":43,"column":7}},{"start":{},"end":{}}],"line":40},"3":{"loc":{"start":{"line":40,"column":10},"end":{"line":40,"column":48}},"type":"binary-expr","locations":[{"start":{"line":40,"column":10},"end":{"line":40,"column":25}},{"start":{"line":40,"column":29},"end":{"line":40,"column":48}}],"line":40},"4":{"loc":{"start":{"line":46,"column":24},"end":{"line":46,"column":86}},"type":"cond-expr","locations":[{"start":{"line":46,"column":41},"end":{"line":46,"column":65}},{"start":{"line":46,"column":68},"end":{"line":46,"column":86}}],"line":46},"5":{"loc":{"start":{"line":47,"column":22},"end":{"line":47,"column":68}},"type":"cond-expr","locations":[{"start":{"line":47,"column":39},"end":{"line":47,"column":61}},{"start":{"line":47,"column":64},"end":{"line":47,"column":68}}],"line":47},"6":{"loc":{"start":{"line":58,"column":64},"end":{"line":58,"column":92}},"type":"cond-expr","locations":[{"start":{"line":58,"column":72},"end":{"line":58,"column":79}},{"start":{"line":58,"column":82},"end":{"line":58,"column":92}}],"line":58},"7":{"loc":{"start":{"line":63,"column":8},"end":{"line":66,"column":9}},"type":"if","locations":[{"start":{"line":63,"column":8},"end":{"line":66,"column":9}},{"start":{},"end":{}}],"line":63},"8":{"loc":{"start":{"line":70,"column":8},"end":{"line":74,"column":9}},"type":"if","locations":[{"start":{"line":70,"column":8},"end":{"line":74,"column":9}},{"start":{"line":72,"column":15},"end":{"line":74,"column":9}}],"line":70},"9":{"loc":{"start":{"line":71,"column":21},"end":{"line":71,"column":75}},"type":"binary-expr","locations":[{"start":{"line":71,"column":21},"end":{"line":71,"column":50}},{"start":{"line":71,"column":54},"end":{"line":71,"column":75}}],"line":71},"10":{"loc":{"start":{"line":77,"column":8},"end":{"line":80,"column":9}},"type":"if","locations":[{"start":{"line":77,"column":8},"end":{"line":80,"column":9}},{"start":{},"end":{}}],"line":77},"11":{"loc":{"start":{"line":84,"column":8},"end":{"line":92,"column":9}},"type":"if","locations":[{"start":{"line":84,"column":8},"end":{"line":92,"column":9}},{"start":{"line":87,"column":15},"end":{"line":92,"column":9}}],"line":84},"12":{"loc":{"start":{"line":85,"column":24},"end":{"line":85,"column":76}},"type":"binary-expr","locations":[{"start":{"line":85,"column":24},"end":{"line":85,"column":49}},{"start":{"line":85,"column":53},"end":{"line":85,"column":70}},{"start":{"line":85,"column":74},"end":{"line":85,"column":76}}],"line":85},"13":{"loc":{"start":{"line":86,"column":24},"end":{"line":86,"column":76}},"type":"binary-expr","locations":[{"start":{"line":86,"column":24},"end":{"line":86,"column":49}},{"start":{"line":86,"column":53},"end":{"line":86,"column":70}},{"start":{"line":86,"column":74},"end":{"line":86,"column":76}}],"line":86},"14":{"loc":{"start":{"line":87,"column":15},"end":{"line":92,"column":9}},"type":"if","locations":[{"start":{"line":87,"column":15},"end":{"line":92,"column":9}},{"start":{"line":89,"column":15},"end":{"line":92,"column":9}}],"line":87},"15":{"loc":{"start":{"line":96,"column":8},"end":{"line":100,"column":9}},"type":"if","locations":[{"start":{"line":96,"column":8},"end":{"line":100,"column":9}},{"start":{"line":98,"column":15},"end":{"line":100,"column":9}}],"line":96},"16":{"loc":{"start":{"line":158,"column":35},"end":{"line":158,"column":49}},"type":"default-arg","locations":[{"start":{"line":158,"column":48},"end":{"line":158,"column":49}}],"line":158},"17":{"loc":{"start":{"line":166,"column":27},"end":{"line":166,"column":62}},"type":"cond-expr","locations":[{"start":{"line":166,"column":45},"end":{"line":166,"column":46}},{"start":{"line":166,"column":49},"end":{"line":166,"column":62}}],"line":166},"18":{"loc":{"start":{"line":222,"column":4},"end":{"line":226,"column":5}},"type":"if","locations":[{"start":{"line":222,"column":4},"end":{"line":226,"column":5}},{"start":{"line":224,"column":11},"end":{"line":226,"column":5}}],"line":222},"19":{"loc":{"start":{"line":236,"column":11},"end":{"line":238,"column":48}},"type":"binary-expr","locations":[{"start":{"line":236,"column":11},"end":{"line":236,"column":45}},{"start":{"line":237,"column":6},"end":{"line":237,"column":42}},{"start":{"line":238,"column":6},"end":{"line":238,"column":48}}],"line":236},"20":{"loc":{"start":{"line":253,"column":4},"end":{"line":258,"column":5}},"type":"if","locations":[{"start":{"line":253,"column":4},"end":{"line":258,"column":5}},{"start":{},"end":{}}],"line":253},"21":{"loc":{"start":{"line":255,"column":6},"end":{"line":257,"column":7}},"type":"if","locations":[{"start":{"line":255,"column":6},"end":{"line":257,"column":7}},{"start":{},"end":{}}],"line":255},"22":{"loc":{"start":{"line":275,"column":74},"end":{"line":275,"column":91}},"type":"binary-expr","locations":[{"start":{"line":275,"column":74},"end":{"line":275,"column":86}},{"start":{"line":275,"column":90},"end":{"line":275,"column":91}}],"line":275},"23":{"loc":{"start":{"line":281,"column":17},"end":{"line":281,"column":65}},"type":"binary-expr","locations":[{"start":{"line":281,"column":17},"end":{"line":281,"column":36}},{"start":{"line":281,"column":40},"end":{"line":281,"column":65}}],"line":281},"24":{"loc":{"start":{"line":283,"column":26},"end":{"line":283,"column":55}},"type":"binary-expr","locations":[{"start":{"line":283,"column":26},"end":{"line":283,"column":49}},{"start":{"line":283,"column":53},"end":{"line":283,"column":55}}],"line":283},"25":{"loc":{"start":{"line":284,"column":20},"end":{"line":284,"column":43}},"type":"binary-expr","locations":[{"start":{"line":284,"column":20},"end":{"line":284,"column":37}},{"start":{"line":284,"column":41},"end":{"line":284,"column":43}}],"line":284},"26":{"loc":{"start":{"line":309,"column":4},"end":{"line":325,"column":5}},"type":"if","locations":[{"start":{"line":309,"column":4},"end":{"line":325,"column":5}},{"start":{},"end":{}}],"line":309},"27":{"loc":{"start":{"line":313,"column":6},"end":{"line":324,"column":7}},"type":"if","locations":[{"start":{"line":313,"column":6},"end":{"line":324,"column":7}},{"start":{},"end":{}}],"line":313},"28":{"loc":{"start":{"line":315,"column":8},"end":{"line":323,"column":9}},"type":"if","locations":[{"start":{"line":315,"column":8},"end":{"line":323,"column":9}},{"start":{"line":320,"column":15},"end":{"line":323,"column":9}}],"line":315}},"s":{"0":1,"1":0,"2":0,"3":0,"4":0,"5":0,"6":0,"7":0,"8":0,"9":0,"10":0,"11":0,"12":0,"13":0,"14":0,"15":0,"16":0,"17":0,"18":0,"19":0,"20":0,"21":0,"22":0,"23":0,"24":0,"25":0,"26":0,"27":0,"28":0,"29":0,"30":0,"31":0,"32":0,"33":0,"34":0,"35":0,"36":0,"37":0,"38":0,"39":0,"40":0,"41":0,"42":0,"43":0,"44":0,"45":0,"46":0,"47":0,"48":0,"49":0,"50":0,"51":0,"52":0,"53":0,"54":1,"55":0,"56":0,"57":0,"58":0,"59":0,"60":0,"61":0,"62":1,"63":0,"64":0,"65":1,"66":0,"67":0,"68":0,"69":0,"70":0,"71":0,"72":0,"73":0,"74":0,"75":0,"76":1,"77":0,"78":0,"79":0,"80":0,"81":0,"82":0,"83":0,"84":0,"85":0,"86":0,"87":0,"88":1,"89":0,"90":0,"91":0,"92":0,"93":0,"94":0,"95":0,"96":0,"97":0,"98":1,"99":0,"100":0,"101":1,"102":0,"103":0,"104":0,"105":0,"106":0,"107":0,"108":0,"109":0,"110":1,"111":0,"112":0,"113":0,"114":0,"115":0,"116":0,"117":1,"118":0,"119":0,"120":0,"121":0,"122":0,"123":0,"124":0,"125":0,"126":0,"127":0,"128":0,"129":0,"130":0,"131":0},"f":{"0":0,"1":0,"2":0,"3":0,"4":0,"5":0,"6":0,"7":0,"8":0,"9":0,"10":0,"11":0,"12":0,"13":0,"14":0,"15":0,"16":0,"17":0,"18":0,"19":0},"b":{"0":[0,0],"1":[0,0,0],"2":[0,0],"3":[0,0],"4":[0,0],"5":[0,0],"6":[0,0],"7":[0,0],"8":[0,0],"9":[0,0],"10":[0,0],"11":[0,0],"12":[0,0,0],"13":[0,0,0],"14":[0,0],"15":[0,0],"16":[0],"17":[0,0],"18":[0,0],"19":[0,0,0],"20":[0,0],"21":[0,0],"22":[0,0],"23":[0,0],"24":[0,0],"25":[0,0],"26":[0,0],"27":[0,0],"28":[0,0]},"_coverageSchema":"1a1c01bbd47fc00a2c39e90264f33305004495a9","hash":"4299b95b53650fd7ba1d712f847d51e811151326"}
}
