TN:
SF:src/api/userApi.js
FN:3,(anonymous_0)
FNF:1
FNH:0
FNDA:0,(anonymous_0)
DA:1,0
DA:3,0
DA:4,0
DA:5,0
DA:6,0
DA:7,0
DA:8,0
DA:11,0
DA:16,0
DA:18,0
DA:19,0
DA:22,0
LF:12
LH:0
BRDA:7,0,0,0
BRDA:7,0,1,0
BRDA:18,1,0,0
BRDA:18,1,1,0
BRDA:19,2,0,0
BRDA:19,2,1,0
BRF:6
BRH:0
end_of_record
TN:
SF:src/pages/settings/account.jsx
FN:8,Account
FN:14,(anonymous_1)
FN:24,(anonymous_2)
FN:30,(anonymous_3)
FN:53,(anonymous_4)
FN:59,(anonymous_5)
FN:76,(anonymous_6)
FN:87,(anonymous_7)
FN:125,(anonymous_8)
FNF:9
FNH:8
FNDA:12,Account
FNDA:5,(anonymous_1)
FNDA:1,(anonymous_2)
FNDA:1,(anonymous_3)
FNDA:1,(anonymous_4)
FNDA:1,(anonymous_5)
FNDA:2,(anonymous_6)
FNDA:2,(anonymous_7)
FNDA:0,(anonymous_8)
DA:9,12
DA:10,12
DA:11,12
DA:12,12
DA:14,12
DA:15,5
DA:16,5
DA:17,0
DA:18,0
DA:19,0
DA:20,0
DA:24,12
DA:25,1
DA:26,1
DA:27,1
DA:30,12
DA:31,1
DA:32,1
DA:38,1
DA:39,1
DA:40,1
DA:41,1
DA:45,1
DA:46,1
DA:49,0
DA:53,12
DA:54,1
DA:55,1
DA:57,1
DA:58,1
DA:59,1
DA:60,1
DA:61,1
DA:63,1
DA:66,12
DA:76,2
DA:87,2
DA:125,0
LF:38
LH:32
BRDA:16,0,0,0
BRDA:16,0,1,5
BRDA:55,1,0,0
BRDA:55,1,1,1
BRDA:74,2,0,12
BRDA:74,2,1,10
BRDA:120,3,0,12
BRDA:120,3,1,2
BRF:8
BRH:6
end_of_record
