TN:
SF:src\pages\AddHabit.jsx
FN:12,AddHabit
FN:22,(anonymous_1)
FN:27,(anonymous_2)
FN:34,(anonymous_3)
FN:37,(anonymous_4)
FN:39,(anonymous_5)
FN:42,(anonymous_6)
FN:50,(anonymous_7)
FN:148,(anonymous_8)
FNF:9
FNH:4
FNDA:3,AddHabit
FNDA:1,(anonymous_1)
FNDA:1,(anonymous_2)
FNDA:0,(anonymous_3)
FNDA:0,(anonymous_4)
FNDA:0,(anonymous_5)
FNDA:0,(anonymous_6)
FNDA:1,(anonymous_7)
FNDA:0,(anonymous_8)
DA:6,1
DA:13,3
DA:14,3
DA:15,3
DA:16,3
DA:18,3
DA:19,3
DA:20,3
DA:22,3
DA:23,1
DA:24,1
DA:25,0
DA:27,1
DA:34,3
DA:35,0
DA:37,0
DA:38,0
DA:39,0
DA:40,0
DA:42,0
DA:43,0
DA:44,0
DA:46,0
DA:50,3
DA:51,1
DA:52,1
DA:53,1
DA:55,1
DA:56,1
DA:57,1
DA:58,1
DA:59,1
DA:60,0
DA:63,1
DA:64,1
DA:75,1
DA:76,1
DA:77,0
DA:78,0
DA:80,1
DA:83,1
DA:85,1
DA:90,3
DA:148,0
LF:44
LH:30
BRDA:24,0,0,0
BRDA:24,0,1,1
BRDA:29,1,0,0
BRDA:29,1,1,1
BRDA:29,2,0,0
BRDA:29,2,1,0
BRDA:35,3,0,0
BRDA:35,3,1,0
BRDA:59,4,0,0
BRDA:59,4,1,1
BRDA:76,5,0,0
BRDA:76,5,1,1
BRDA:80,6,0,1
BRDA:80,6,1,0
BRDA:83,7,0,1
BRDA:83,7,1,0
BRDA:95,8,0,3
BRDA:95,8,1,0
BRDA:141,9,0,1
BRDA:141,9,1,2
BRDA:143,10,0,1
BRDA:143,10,1,2
BRF:22
BRH:11
end_of_record
TN:
SF:src\pages\Habits.jsx
FN:6,Habits
FN:13,(anonymous_1)
FN:14,(anonymous_2)
FN:44,(anonymous_3)
FN:61,(anonymous_4)
FN:61,(anonymous_5)
FN:63,(anonymous_6)
FN:85,(anonymous_7)
FN:85,(anonymous_8)
FN:99,(anonymous_9)
FN:108,(anonymous_10)
FN:135,(anonymous_11)
FNF:12
FNH:10
FNDA:8,Habits
FNDA:2,(anonymous_1)
FNDA:2,(anonymous_2)
FNDA:1,(anonymous_3)
FNDA:1,(anonymous_4)
FNDA:1,(anonymous_5)
FNDA:0,(anonymous_6)
FNDA:1,(anonymous_7)
FNDA:1,(anonymous_8)
FNDA:0,(anonymous_9)
FNDA:3,(anonymous_10)
FNDA:1,(anonymous_11)
DA:7,8
DA:8,8
DA:9,8
DA:10,8
DA:11,8
DA:13,8
DA:14,2
DA:15,2
DA:16,2
DA:17,2
DA:19,2
DA:20,2
DA:21,2
DA:22,2
DA:29,2
DA:31,2
DA:32,2
DA:34,0
DA:37,0
DA:41,2
DA:44,8
DA:45,1
DA:46,1
DA:48,1
DA:49,1
DA:50,1
DA:59,1
DA:60,1
DA:61,1
DA:62,1
DA:63,1
DA:65,0
DA:68,0
DA:73,8
DA:85,1
DA:99,0
DA:109,3
DA:135,1
LF:38
LH:33
BRDA:17,0,0,0
BRDA:17,0,1,2
BRDA:31,1,0,2
BRDA:31,1,1,0
BRDA:46,2,0,0
BRDA:46,2,1,1
BRDA:60,3,0,1
BRDA:60,3,1,0
BRDA:65,4,0,0
BRDA:65,4,1,0
BRDA:75,5,0,8
BRDA:75,5,1,1
BRDA:87,6,0,2
BRDA:87,6,1,6
BRDA:90,7,0,2
BRDA:90,7,1,6
BRDA:133,8,0,3
BRDA:133,8,1,1
BRF:18
BRH:12
end_of_record
